#
# A fatal error has been detected by the Java Runtime Environment:
#
#  SIGBUS (0xa) at pc=0x000000010aec7a09, pid=7546, tid=0x0000000000011d03
#
# JRE version: Java(TM) SE Runtime Environment (8.0_281-b09) (build 1.8.0_281-b09)
# Java VM: Java HotSpot(TM) 64-Bit Server VM (25.281-b09 mixed mode bsd-amd64 compressed oops)
# Problematic frame:
# C  [libzip.dylib+0x3a09]  newEntry+0x5d
#
# Failed to write core dump. Core dumps have been disabled. To enable core dumping, try "ulimit -c unlimited" before starting Java again
#
# If you would like to submit a bug report, please visit:
#   http://bugreport.java.com/bugreport/crash.jsp
# The crash happened outside the Java Virtual Machine in native code.
# See problematic frame for where to report the bug.
#

---------------  T H R E A D  ---------------

Current thread (0x00007ffbbcc43000):  JavaThread "payara-executor-service-scheduled-task" [_thread_in_native, id=72963, stack(0x00007000119b2000,0x0000700011ab2000)]

siginfo: si_signo: 10 (SIGBUS), si_code: 2 (BUS_ADRERR), si_addr: 0x000000013aab05db

Registers:
RAX=0x0000000000000000, RBX=0x0000000000000000, RCX=0x0000000000000000, RDX=0x00007ffbdb100000
RSP=0x0000700011aad180, RBP=0x0000700011aad220, RSI=0x0000000000000001, RDI=0x0000000000000a9d
R8 =0x000000000000a9bc, R9 =0x000000000000a9c0, R10=0x00000000ffffffff, R11=0x00006ff8ec480f48
R12=0x00007ffbdb1adc30, R13=0x00007ffbdb2af8b0, R14=0x00007ffc4941d690, R15=0x000000013aab05bf
RIP=0x000000010aec7a09, EFLAGS=0x0000000000010202, ERR=0x0000000000000004
  TRAPNO=0x000000000000000e

Top of Stack: (sp=0x0000700011aad180)
0x0000700011aad180:   00007ffbdd01fdb0 0000000000000046
0x0000700011aad190:   0000700011aad628 00007ffbbcc431f8
0x0000700011aad1a0:   0000700011aad1d0 00007ffbdd01fdb0
0x0000700011aad1b0:   0000700011aad610 000000010aec625a
0x0000700011aad1c0:   0000000000000000 0000000000000000
0x0000700011aad1d0:   0000700011aad200 000000010a44d7f7
0x0000700011aad1e0:   000000010a7215b8 00007ffbdb2af8b0
0x0000700011aad1f0:   0000000000000023 000000009267d2bb
0x0000700011aad200:   0000000000000023 00007ffbbe99b4d0
0x0000700011aad210:   00007ffc4941ba00 0000000000001c90
0x0000700011aad220:   0000700011aad280 000000010aec78ad
0x0000700011aad230:   0000700011aad250 0000700011aad2a0
0x0000700011aad240:   0000000000000024 0000000111aad2a0
0x0000700011aad250:   00007ffbdb2af8b0 0000000000000023
0x0000700011aad260:   0000700011aad6f8 00007ffbbcc431f8
0x0000700011aad270:   0000700011aad2a0 00007ffbdb2af8b0
0x0000700011aad280:   0000700011aad6e0 000000010aec625a
0x0000700011aad290:   0000000000010113 000000010a703e72
0x0000700011aad2a0:   696e6d6f2f67726f 64632f7365636166
0x0000700011aad2b0:   6f43687375502f69 6c632e747865746e
0x0000700011aad2c0:   0000700000737361 000000010a55c799
0x0000700011aad2d0:   0000700011aad2f0 000000010a561c8d
0x0000700011aad2e0:   00007ffbbcc43000 00007ffc58d0e140
0x0000700011aad2f0:   0000700011aad4a0 000000010a2df686
0x0000700011aad300:   00007ffbbcc43000 000000013a12d908
0x0000700011aad310:   000000010a6b58f8 00007ffc7006e9b0
0x0000700011aad320:   0000000011aad9a4 000000010000000d
0x0000700011aad330:   0000700011aad248 0000003000000020
0x0000700011aad340:   0000700011aad4b0 0000700011aad350
0x0000700011aad350:   0000700011aad9b8 00007fff2032cfca
0x0000700011aad360:   0000000000000000 0000000000003c00
0x0000700011aad370:   0000000000000000 0000000000000007 

Instructions: (pc=0x000000010aec7a09)
0x000000010aec79e9:   24 28 41 80 7d 30 00 89 5d ac 0f 84 e7 00 00 00
0x000000010aec79f9:   4d 8b 7d 18 4d 03 7e 08 4d 2b 7d 28 4c 89 6d c8
0x000000010aec7a09:   41 0f b6 47 1c 41 0f b6 77 1d c1 e6 08 09 c6 41
0x000000010aec7a19:   0f b6 47 1e 89 45 b8 41 0f b6 47 1f 89 45 b0 41 

Register to memory mapping:

RAX=0x0000000000000000 is an unknown value
RBX=0x0000000000000000 is an unknown value
RCX=0x0000000000000000 is an unknown value
RDX=0x00007ffbdb100000 is an unknown value
RSP=0x0000700011aad180 is pointing into the stack for thread: 0x00007ffbbcc43000
RBP=0x0000700011aad220 is pointing into the stack for thread: 0x00007ffbbcc43000
RSI=0x0000000000000001 is an unknown value
RDI=0x0000000000000a9d is an unknown value
R8 =0x000000000000a9bc is an unknown value
R9 =0x000000000000a9c0 is an unknown value
R10=0x00000000ffffffff is an unknown value
R11=0x00006ff8ec480f48 is an unknown value
R12=0x00007ffbdb1adc30 is an unknown value
R13=0x00007ffbdb2af8b0 is an unknown value
R14=0x00007ffc4941d690 is an unknown value
R15=0x000000013aab05bf is an unknown value


Stack: [0x00007000119b2000,0x0000700011ab2000],  sp=0x0000700011aad180,  free space=1004k
Native frames: (J=compiled Java code, j=interpreted, Vv=VM code, C=native code)
C  [libzip.dylib+0x3a09]  newEntry+0x5d
C  [libzip.dylib+0x38ad]  ZIP_GetEntry2+0x123
C  [libzip.dylib+0x225a]  Java_java_util_zip_ZipFile_getEntry+0x96
J 335  java.util.zip.ZipFile.getEntry(J[BZ)J (0 bytes) @ 0x0000000116b68ece [0x0000000116b68e00+0xce]
J 3377 C2 java.util.jar.JarFile.getEntry(Ljava/lang/String;)Ljava/util/zip/ZipEntry; (22 bytes) @ 0x0000000117570cdc [0x0000000117570920+0x3bc]
J 13701 C2 org.glassfish.web.loader.WebappClassLoader.findResourceInternalFromJars(Ljava/lang/String;Ljava/lang/String;)Lorg/glassfish/api/deployment/ResourceEntry; (278 bytes) @ 0x0000000118588ad4 [0x0000000118588740+0x394]
J 19658 C2 org.glassfish.web.loader.WebappClassLoader.findResourceInternal(Ljava/lang/String;Ljava/lang/String;)Lorg/glassfish/api/deployment/ResourceEntry; (150 bytes) @ 0x000000011a8dff34 [0x000000011a8dfb00+0x434]
J 19676 C2 org.glassfish.web.loader.WebappClassLoader.findClass(Ljava/lang/String;)Ljava/lang/Class; (572 bytes) @ 0x000000011a907844 [0x000000011a906520+0x1324]
j  org.glassfish.web.loader.WebappClassLoader.loadClass(Ljava/lang/String;Z)Ljava/lang/Class;+437
J 12259 C2 org.glassfish.web.loader.WebappClassLoader.loadClass(Ljava/lang/String;)Ljava/lang/Class; (7 bytes) @ 0x000000011819299c [0x0000000118192960+0x3c]
v  ~StubRoutines::call_stub
V  [libjvm.dylib+0x2d5599]  JavaCalls::call_helper(JavaValue*, methodHandle*, JavaCallArguments*, Thread*)+0x771
V  [libjvm.dylib+0x2d4264]  JavaCalls::call_virtual(JavaValue*, KlassHandle, Symbol*, Symbol*, JavaCallArguments*, Thread*)+0x14a
V  [libjvm.dylib+0x2d44ff]  JavaCalls::call_virtual(JavaValue*, Handle, KlassHandle, Symbol*, Symbol*, Handle, Thread*)+0x61
V  [libjvm.dylib+0x53ece0]  SystemDictionary::load_instance_class(Symbol*, Handle, Thread*)+0x2b6
V  [libjvm.dylib+0x53def9]  SystemDictionary::resolve_instance_class_or_null(Symbol*, Handle, Handle, Thread*)+0x55d
V  [libjvm.dylib+0x53e3bb]  SystemDictionary::resolve_super_or_fail(Symbol*, Symbol*, Handle, Handle, bool, Thread*)+0x185
V  [libjvm.dylib+0x16ea27]  ClassFileParser::parse_interfaces(int, Handle, Symbol*, bool*, Thread*)+0x185
V  [libjvm.dylib+0x17719c]  ClassFileParser::parseClassFile(Symbol*, ClassLoaderData*, Handle, KlassHandle, GrowableArray<Handle>*, TempNewSymbol&, bool, Thread*)+0xa62
V  [libjvm.dylib+0x53f747]  SystemDictionary::resolve_from_stream(Symbol*, Handle, Handle, ClassFileStream*, bool, Thread*)+0x223
V  [libjvm.dylib+0x337ada]  jvm_define_class_common(JNIEnv_*, char const*, _jobject*, signed char const*, int, _jobject*, char const*, unsigned char, Thread*)+0x257
V  [libjvm.dylib+0x337c55]  JVM_DefineClassWithSource+0x10b
C  [libjava.dylib+0x1495]  Java_java_lang_ClassLoader_defineClass1+0x166
J 1283  java.lang.ClassLoader.defineClass1(Ljava/lang/String;[BIILjava/security/ProtectionDomain;Ljava/lang/String;)Ljava/lang/Class; (0 bytes) @ 0x0000000116e8608b [0x0000000116e85f80+0x10b]
J 28416 C1 java.lang.ClassLoader.defineClass(Ljava/lang/String;[BIILjava/security/ProtectionDomain;)Ljava/lang/Class; (43 bytes) @ 0x000000011c654f0c [0x000000011c654900+0x60c]
J 19676 C2 org.glassfish.web.loader.WebappClassLoader.findClass(Ljava/lang/String;)Ljava/lang/Class; (572 bytes) @ 0x000000011a907164 [0x000000011a906520+0xc44]
j  org.glassfish.web.loader.WebappClassLoader.loadClass(Ljava/lang/String;Z)Ljava/lang/Class;+437
J 26152 C2 org.glassfish.weld.BeanDeploymentArchiveImpl.handleEntry(Lorg/glassfish/api/deployment/archive/ReadableArchive;Ljava/lang/String;ZZ)V (238 bytes) @ 0x000000011bf8b224 [0x000000011bf8a3a0+0xe84]
j  org.glassfish.weld.BeanDeploymentArchiveImpl.collectJarInfo(Lorg/glassfish/api/deployment/archive/ReadableArchive;ZZ)V+76
j  org.glassfish.weld.BeanDeploymentArchiveImpl.populate(Ljava/util/Collection;Lcom/sun/enterprise/deployment/Application;)V+1118
j  org.glassfish.weld.BeanDeploymentArchiveImpl.<init>(Lorg/glassfish/api/deployment/archive/ReadableArchive;Ljava/util/Collection;Lorg/glassfish/api/deployment/DeploymentContext;Ljava/lang/String;)V+225
j  org.glassfish.weld.BeanDeploymentArchiveImpl.populate(Ljava/util/Collection;Lcom/sun/enterprise/deployment/Application;)V+913
j  org.glassfish.weld.BeanDeploymentArchiveImpl.<init>(Lorg/glassfish/api/deployment/archive/ReadableArchive;Ljava/util/Collection;Lorg/glassfish/api/deployment/DeploymentContext;Ljava/lang/String;)V+225
j  org.glassfish.weld.RootBeanDeploymentArchive.createModuleBda(Lorg/glassfish/api/deployment/archive/ReadableArchive;Ljava/util/Collection;Lorg/glassfish/api/deployment/DeploymentContext;Ljava/lang/String;)V+10
j  org.glassfish.weld.RootBeanDeploymentArchive.<init>(Lorg/glassfish/api/deployment/archive/ReadableArchive;Ljava/util/Collection;Lorg/glassfish/api/deployment/DeploymentContext;Ljava/lang/String;)V+66
j  org.glassfish.weld.DeploymentImpl.createModuleBda(Lorg/glassfish/api/deployment/archive/ReadableArchive;Ljava/util/Collection;Lorg/glassfish/api/deployment/DeploymentContext;Ljava/lang/String;)V+9
j  org.glassfish.weld.DeploymentImpl.<init>(Lorg/glassfish/api/deployment/archive/ReadableArchive;Ljava/util/Collection;Lorg/glassfish/api/deployment/DeploymentContext;Lcom/sun/enterprise/deploy/shared/ArchiveFactory;Ljava/lang/String;Lcom/sun/enterprise/container/common/spi/util/InjectionManager;)V+256
j  org.glassfish.weld.WeldDeployer.load(Lorg/glassfish/weld/WeldContainer;Lorg/glassfish/api/deployment/DeploymentContext;)Lorg/glassfish/weld/WeldApplicationContainer;+167
j  org.glassfish.weld.WeldDeployer.load(Lorg/glassfish/api/container/Container;Lorg/glassfish/api/deployment/DeploymentContext;)Lorg/glassfish/api/deployment/ApplicationContainer;+6
j  org.glassfish.internal.data.ModuleInfo.load(Lorg/glassfish/internal/deployment/ExtendedDeploymentContext;Lorg/glassfish/internal/data/ProgressTracker;)V+171
j  org.glassfish.internal.data.ApplicationInfo.load(Lorg/glassfish/internal/deployment/ExtendedDeploymentContext;Lorg/glassfish/internal/data/ProgressTracker;)V+112
j  com.sun.enterprise.v3.server.ApplicationLifecycle.prepare(Ljava/util/Collection;Lorg/glassfish/internal/deployment/ExtendedDeploymentContext;)Lorg/glassfish/internal/deployment/Deployment$ApplicationDeployment;+2195
j  org.glassfish.deployment.admin.DeployCommand.execute(Lorg/glassfish/api/admin/AdminCommandContext;)V+2872
j  com.sun.enterprise.v3.admin.CommandRunnerImpl$2$1.run()Ljava/lang/Void;+11
j  com.sun.enterprise.v3.admin.CommandRunnerImpl$2$1.run()Ljava/lang/Object;+1
v  ~StubRoutines::call_stub
V  [libjvm.dylib+0x2d5599]  JavaCalls::call_helper(JavaValue*, methodHandle*, JavaCallArguments*, Thread*)+0x771
V  [libjvm.dylib+0x33933e]  JVM_DoPrivileged+0x69c
J 2146  java.security.AccessController.doPrivileged(Ljava/security/PrivilegedAction;Ljava/security/AccessControlContext;)Ljava/lang/Object; (0 bytes) @ 0x0000000117128455 [0x0000000117128380+0xd5]
j  javax.security.auth.Subject.doAs(Ljavax/security/auth/Subject;Ljava/security/PrivilegedAction;)Ljava/lang/Object;+42
j  com.sun.enterprise.v3.admin.CommandRunnerImpl$2.execute(Lorg/glassfish/api/admin/AdminCommandContext;)V+37
j  com.sun.enterprise.v3.admin.CommandRunnerImpl$3.run()Ljava/lang/Void;+37
j  com.sun.enterprise.v3.admin.CommandRunnerImpl$3.run()Ljava/lang/Object;+1
v  ~StubRoutines::call_stub
V  [libjvm.dylib+0x2d5599]  JavaCalls::call_helper(JavaValue*, methodHandle*, JavaCallArguments*, Thread*)+0x771
V  [libjvm.dylib+0x33933e]  JVM_DoPrivileged+0x69c
J 2146  java.security.AccessController.doPrivileged(Ljava/security/PrivilegedAction;Ljava/security/AccessControlContext;)Ljava/lang/Object; (0 bytes) @ 0x0000000117128455 [0x0000000117128380+0xd5]
j  javax.security.auth.Subject.doAs(Ljavax/security/auth/Subject;Ljava/security/PrivilegedAction;)Ljava/lang/Object;+42
j  com.sun.enterprise.v3.admin.CommandRunnerImpl.doCommand(Lorg/glassfish/api/admin/CommandModel;Lorg/glassfish/api/admin/AdminCommand;Lorg/glassfish/api/admin/AdminCommandContext;Lcom/sun/enterprise/v3/admin/CommandRunnerProgressHelper;)Lorg/glassfish/api/ActionReport;+115
j  com.sun.enterprise.v3.admin.CommandRunnerImpl.doCommand(Lcom/sun/enterprise/v3/admin/CommandRunnerImpl$ExecutionContext;Lorg/glassfish/api/admin/AdminCommand;Ljavax/security/auth/Subject;Lorg/glassfish/api/admin/Job;)V+2288
j  com.sun.enterprise.v3.admin.CommandRunnerImpl.access$1300(Lcom/sun/enterprise/v3/admin/CommandRunnerImpl;Lcom/sun/enterprise/v3/admin/CommandRunnerImpl$ExecutionContext;Lorg/glassfish/api/admin/AdminCommand;Ljavax/security/auth/Subject;Lorg/glassfish/api/admin/Job;)V+6
j  com.sun.enterprise.v3.admin.CommandRunnerImpl$ExecutionContext.execute(Lorg/glassfish/api/admin/AdminCommand;)V+334
j  com.sun.enterprise.v3.admin.CommandRunnerImpl$ExecutionContext.execute()V+2
j  com.sun.enterprise.v3.server.DynamicReloader.reloadApp(Lcom/sun/enterprise/v3/server/DynamicReloader$AppReloadInfo;)V+132
J 18708 C1 com.sun.enterprise.v3.server.DynamicReloader.reloadApps()V (53 bytes) @ 0x0000000116faf4e4 [0x0000000116faefa0+0x544]
J 18705 C1 com.sun.enterprise.v3.server.DynamicReloadService$1.run()V (31 bytes) @ 0x0000000119a1e6ec [0x0000000119a1e400+0x2ec]
J 16458 C2 java.util.concurrent.ScheduledThreadPoolExecutor$ScheduledFutureTask.run()V (59 bytes) @ 0x0000000119ca0ee0 [0x0000000119ca0da0+0x140]
j  java.util.concurrent.ThreadPoolExecutor.runWorker(Ljava/util/concurrent/ThreadPoolExecutor$Worker;)V+95
j  java.util.concurrent.ThreadPoolExecutor$Worker.run()V+5
j  java.lang.Thread.run()V+11
v  ~StubRoutines::call_stub
V  [libjvm.dylib+0x2d5599]  JavaCalls::call_helper(JavaValue*, methodHandle*, JavaCallArguments*, Thread*)+0x771
V  [libjvm.dylib+0x2d4264]  JavaCalls::call_virtual(JavaValue*, KlassHandle, Symbol*, Symbol*, JavaCallArguments*, Thread*)+0x14a
V  [libjvm.dylib+0x2d447f]  JavaCalls::call_virtual(JavaValue*, Handle, KlassHandle, Symbol*, Symbol*, Thread*)+0x57
V  [libjvm.dylib+0x342b21]  thread_entry(JavaThread*, Thread*)+0x78
V  [libjvm.dylib+0x5653f2]  JavaThread::thread_main_inner()+0x82
V  [libjvm.dylib+0x5652b7]  JavaThread::run()+0x19d
V  [libjvm.dylib+0x490329]  java_start(Thread*)+0xfa
C  [libsystem_pthread.dylib+0x68fc]  _pthread_start+0xe0
C  [libsystem_pthread.dylib+0x2443]  thread_start+0xf
C  0x0000000000000000

Java frames: (J=compiled Java code, j=interpreted, Vv=VM code)
J 335  java.util.zip.ZipFile.getEntry(J[BZ)J (0 bytes) @ 0x0000000116b68e58 [0x0000000116b68e00+0x58]
J 3377 C2 java.util.jar.JarFile.getEntry(Ljava/lang/String;)Ljava/util/zip/ZipEntry; (22 bytes) @ 0x0000000117570cdc [0x0000000117570920+0x3bc]
J 13701 C2 org.glassfish.web.loader.WebappClassLoader.findResourceInternalFromJars(Ljava/lang/String;Ljava/lang/String;)Lorg/glassfish/api/deployment/ResourceEntry; (278 bytes) @ 0x0000000118588ad4 [0x0000000118588740+0x394]
J 19658 C2 org.glassfish.web.loader.WebappClassLoader.findResourceInternal(Ljava/lang/String;Ljava/lang/String;)Lorg/glassfish/api/deployment/ResourceEntry; (150 bytes) @ 0x000000011a8dff34 [0x000000011a8dfb00+0x434]
J 19676 C2 org.glassfish.web.loader.WebappClassLoader.findClass(Ljava/lang/String;)Ljava/lang/Class; (572 bytes) @ 0x000000011a907844 [0x000000011a906520+0x1324]
j  org.glassfish.web.loader.WebappClassLoader.loadClass(Ljava/lang/String;Z)Ljava/lang/Class;+437
J 12259 C2 org.glassfish.web.loader.WebappClassLoader.loadClass(Ljava/lang/String;)Ljava/lang/Class; (7 bytes) @ 0x000000011819299c [0x0000000118192960+0x3c]
v  ~StubRoutines::call_stub
J 1283  java.lang.ClassLoader.defineClass1(Ljava/lang/String;[BIILjava/security/ProtectionDomain;Ljava/lang/String;)Ljava/lang/Class; (0 bytes) @ 0x0000000116e86011 [0x0000000116e85f80+0x91]
J 28416 C1 java.lang.ClassLoader.defineClass(Ljava/lang/String;[BIILjava/security/ProtectionDomain;)Ljava/lang/Class; (43 bytes) @ 0x000000011c654f0c [0x000000011c654900+0x60c]
J 19676 C2 org.glassfish.web.loader.WebappClassLoader.findClass(Ljava/lang/String;)Ljava/lang/Class; (572 bytes) @ 0x000000011a907164 [0x000000011a906520+0xc44]
j  org.glassfish.web.loader.WebappClassLoader.loadClass(Ljava/lang/String;Z)Ljava/lang/Class;+437
J 26152 C2 org.glassfish.weld.BeanDeploymentArchiveImpl.handleEntry(Lorg/glassfish/api/deployment/archive/ReadableArchive;Ljava/lang/String;ZZ)V (238 bytes) @ 0x000000011bf8b224 [0x000000011bf8a3a0+0xe84]
j  org.glassfish.weld.BeanDeploymentArchiveImpl.collectJarInfo(Lorg/glassfish/api/deployment/archive/ReadableArchive;ZZ)V+76
j  org.glassfish.weld.BeanDeploymentArchiveImpl.populate(Ljava/util/Collection;Lcom/sun/enterprise/deployment/Application;)V+1118
j  org.glassfish.weld.BeanDeploymentArchiveImpl.<init>(Lorg/glassfish/api/deployment/archive/ReadableArchive;Ljava/util/Collection;Lorg/glassfish/api/deployment/DeploymentContext;Ljava/lang/String;)V+225
j  org.glassfish.weld.BeanDeploymentArchiveImpl.populate(Ljava/util/Collection;Lcom/sun/enterprise/deployment/Application;)V+913
j  org.glassfish.weld.BeanDeploymentArchiveImpl.<init>(Lorg/glassfish/api/deployment/archive/ReadableArchive;Ljava/util/Collection;Lorg/glassfish/api/deployment/DeploymentContext;Ljava/lang/String;)V+225
j  org.glassfish.weld.RootBeanDeploymentArchive.createModuleBda(Lorg/glassfish/api/deployment/archive/ReadableArchive;Ljava/util/Collection;Lorg/glassfish/api/deployment/DeploymentContext;Ljava/lang/String;)V+10
j  org.glassfish.weld.RootBeanDeploymentArchive.<init>(Lorg/glassfish/api/deployment/archive/ReadableArchive;Ljava/util/Collection;Lorg/glassfish/api/deployment/DeploymentContext;Ljava/lang/String;)V+66
j  org.glassfish.weld.DeploymentImpl.createModuleBda(Lorg/glassfish/api/deployment/archive/ReadableArchive;Ljava/util/Collection;Lorg/glassfish/api/deployment/DeploymentContext;Ljava/lang/String;)V+9
j  org.glassfish.weld.DeploymentImpl.<init>(Lorg/glassfish/api/deployment/archive/ReadableArchive;Ljava/util/Collection;Lorg/glassfish/api/deployment/DeploymentContext;Lcom/sun/enterprise/deploy/shared/ArchiveFactory;Ljava/lang/String;Lcom/sun/enterprise/container/common/spi/util/InjectionManager;)V+256
j  org.glassfish.weld.WeldDeployer.load(Lorg/glassfish/weld/WeldContainer;Lorg/glassfish/api/deployment/DeploymentContext;)Lorg/glassfish/weld/WeldApplicationContainer;+167
j  org.glassfish.weld.WeldDeployer.load(Lorg/glassfish/api/container/Container;Lorg/glassfish/api/deployment/DeploymentContext;)Lorg/glassfish/api/deployment/ApplicationContainer;+6
j  org.glassfish.internal.data.ModuleInfo.load(Lorg/glassfish/internal/deployment/ExtendedDeploymentContext;Lorg/glassfish/internal/data/ProgressTracker;)V+171
j  org.glassfish.internal.data.ApplicationInfo.load(Lorg/glassfish/internal/deployment/ExtendedDeploymentContext;Lorg/glassfish/internal/data/ProgressTracker;)V+112
j  com.sun.enterprise.v3.server.ApplicationLifecycle.prepare(Ljava/util/Collection;Lorg/glassfish/internal/deployment/ExtendedDeploymentContext;)Lorg/glassfish/internal/deployment/Deployment$ApplicationDeployment;+2195
j  org.glassfish.deployment.admin.DeployCommand.execute(Lorg/glassfish/api/admin/AdminCommandContext;)V+2872
j  com.sun.enterprise.v3.admin.CommandRunnerImpl$2$1.run()Ljava/lang/Void;+11
j  com.sun.enterprise.v3.admin.CommandRunnerImpl$2$1.run()Ljava/lang/Object;+1
v  ~StubRoutines::call_stub
J 2146  java.security.AccessController.doPrivileged(Ljava/security/PrivilegedAction;Ljava/security/AccessControlContext;)Ljava/lang/Object; (0 bytes) @ 0x00000001171283e3 [0x0000000117128380+0x63]
j  javax.security.auth.Subject.doAs(Ljavax/security/auth/Subject;Ljava/security/PrivilegedAction;)Ljava/lang/Object;+42
j  com.sun.enterprise.v3.admin.CommandRunnerImpl$2.execute(Lorg/glassfish/api/admin/AdminCommandContext;)V+37
j  com.sun.enterprise.v3.admin.CommandRunnerImpl$3.run()Ljava/lang/Void;+37
j  com.sun.enterprise.v3.admin.CommandRunnerImpl$3.run()Ljava/lang/Object;+1
v  ~StubRoutines::call_stub
J 2146  java.security.AccessController.doPrivileged(Ljava/security/PrivilegedAction;Ljava/security/AccessControlContext;)Ljava/lang/Object; (0 bytes) @ 0x00000001171283e3 [0x0000000117128380+0x63]
j  javax.security.auth.Subject.doAs(Ljavax/security/auth/Subject;Ljava/security/PrivilegedAction;)Ljava/lang/Object;+42
j  com.sun.enterprise.v3.admin.CommandRunnerImpl.doCommand(Lorg/glassfish/api/admin/CommandModel;Lorg/glassfish/api/admin/AdminCommand;Lorg/glassfish/api/admin/AdminCommandContext;Lcom/sun/enterprise/v3/admin/CommandRunnerProgressHelper;)Lorg/glassfish/api/ActionReport;+115
j  com.sun.enterprise.v3.admin.CommandRunnerImpl.doCommand(Lcom/sun/enterprise/v3/admin/CommandRunnerImpl$ExecutionContext;Lorg/glassfish/api/admin/AdminCommand;Ljavax/security/auth/Subject;Lorg/glassfish/api/admin/Job;)V+2288
j  com.sun.enterprise.v3.admin.CommandRunnerImpl.access$1300(Lcom/sun/enterprise/v3/admin/CommandRunnerImpl;Lcom/sun/enterprise/v3/admin/CommandRunnerImpl$ExecutionContext;Lorg/glassfish/api/admin/AdminCommand;Ljavax/security/auth/Subject;Lorg/glassfish/api/admin/Job;)V+6
j  com.sun.enterprise.v3.admin.CommandRunnerImpl$ExecutionContext.execute(Lorg/glassfish/api/admin/AdminCommand;)V+334
j  com.sun.enterprise.v3.admin.CommandRunnerImpl$ExecutionContext.execute()V+2
j  com.sun.enterprise.v3.server.DynamicReloader.reloadApp(Lcom/sun/enterprise/v3/server/DynamicReloader$AppReloadInfo;)V+132
J 18708 C1 com.sun.enterprise.v3.server.DynamicReloader.reloadApps()V (53 bytes) @ 0x0000000116faf4e4 [0x0000000116faefa0+0x544]
J 18705 C1 com.sun.enterprise.v3.server.DynamicReloadService$1.run()V (31 bytes) @ 0x0000000119a1e6ec [0x0000000119a1e400+0x2ec]
J 16458 C2 java.util.concurrent.ScheduledThreadPoolExecutor$ScheduledFutureTask.run()V (59 bytes) @ 0x0000000119ca0ee0 [0x0000000119ca0da0+0x140]
j  java.util.concurrent.ThreadPoolExecutor.runWorker(Ljava/util/concurrent/ThreadPoolExecutor$Worker;)V+95
j  java.util.concurrent.ThreadPoolExecutor$Worker.run()V+5
j  java.lang.Thread.run()V+11
v  ~StubRoutines::call_stub

---------------  P R O C E S S  ---------------

Java Threads: ( => current thread )
  0x00007ffc39a6c800 JavaThread "GF Domain XML" daemon [_thread_blocked, id=35095, stack(0x0000700011dbe000,0x0000700011ebe000)]
  0x00007ffbdc26d800 JavaThread "GF Domain XML" daemon [_thread_blocked, id=66583, stack(0x0000700011cbb000,0x0000700011dbb000)]
  0x00007ffbbbd28800 JavaThread "GF Domain XML" daemon [_thread_blocked, id=64271, stack(0x00007000118af000,0x00007000119af000)]
  0x00007ffbd8e14000 JavaThread "GF Domain XML" daemon [_thread_blocked, id=38667, stack(0x00007000117ac000,0x00007000118ac000)]
  0x00007ffc19320800 JavaThread "GF Domain XML" daemon [_thread_blocked, id=34575, stack(0x00007000116a9000,0x00007000117a9000)]
  0x00007ffbbfa62800 JavaThread "GF Domain XML" daemon [_thread_blocked, id=37643, stack(0x0000700011097000,0x0000700011197000)]
  0x00007ffbbb04c800 JavaThread "GF Domain XML" daemon [_thread_blocked, id=59403, stack(0x0000700010e91000,0x0000700010f91000)]
  0x00007ffbbb2bf000 JavaThread "Executor-Service-26" daemon [_thread_blocked, id=80911, stack(0x0000700010c8b000,0x0000700010d8b000)]
  0x00007ffc49b6c000 JavaThread "Executor-Service-25" daemon [_thread_blocked, id=14095, stack(0x0000700010a85000,0x0000700010b85000)]
  0x00007ffbbae81800 JavaThread "Executor-Service-24" daemon [_thread_blocked, id=51983, stack(0x0000700010982000,0x0000700010a82000)]
  0x00007ffbbdac0800 JavaThread "Executor-Service-23" daemon [_thread_blocked, id=59147, stack(0x000070001087f000,0x000070001097f000)]
  0x00007ffbbda82800 JavaThread "Executor-Service-22" daemon [_thread_blocked, id=38159, stack(0x0000700010679000,0x0000700010779000)]
  0x00007ffbbaf32800 JavaThread "Executor-Service-21" daemon [_thread_blocked, id=58895, stack(0x000070000fa55000,0x000070000fb55000)]
  0x00007ffc49322800 JavaThread "Executor-Service-20" daemon [_thread_blocked, id=61451, stack(0x000070000f952000,0x000070000fa52000)]
  0x00007ffc49719800 JavaThread "Executor-Service-19" daemon [_thread_blocked, id=35595, stack(0x000070000daf8000,0x000070000dbf8000)]
  0x00007ffc59b36800 JavaThread "hz._hzInstance_2_development.cached.thread-13" [_thread_blocked, id=61195, stack(0x000070000d0da000,0x000070000d1da000)]
  0x00007ffbb9d52800 JavaThread "Java2D Disposer" daemon [_thread_blocked, id=29711, stack(0x000070000cfd7000,0x000070000d0d7000)]
  0x00007ffc691a8000 JavaThread "hz._hzInstance_2_development.cached.thread-6" [_thread_blocked, id=79375, stack(0x000070000cdd1000,0x000070000ced1000)]
  0x00007ffc4b88a800 JavaThread "hz._hzInstance_2_development.cached.thread-16" [_thread_blocked, id=73747, stack(0x000070000ced4000,0x000070000cfd4000)]
  0x00007ffc3951c800 JavaThread "hz._hzInstance_2_development.cached.thread-2" [_thread_blocked, id=80655, stack(0x0000700011fc4000,0x00007000120c4000)]
  0x00007ffbd85a8000 JavaThread "hz._hzInstance_2_development.cached.thread-7" [_thread_blocked, id=73227, stack(0x000070000ccce000,0x000070000cdce000)]
  0x00007ffbdcac1800 JavaThread "hz._hzInstance_2_development.cached.thread-1" [_thread_blocked, id=78859, stack(0x000070000c8c2000,0x000070000c9c2000)]
  0x00007ffbba669800 JavaThread "hz._hzInstance_2_development.cached.thread-4" [_thread_blocked, id=37895, stack(0x000070000c7bf000,0x000070000c8bf000)]
  0x00007ffc090c5800 JavaThread "http-thread-pool::http-listener(5)" daemon [_thread_blocked, id=82187, stack(0x000070000cbcb000,0x000070000cccb000)]
  0x00007ffc49d47800 JavaThread "http-thread-pool::http-listener(4)" daemon [_thread_blocked, id=54027, stack(0x000070000cac8000,0x000070000cbc8000)]
  0x00007ffbd902e000 JavaThread "http-thread-pool::http-listener(3)" daemon [_thread_blocked, id=61703, stack(0x000070000c9c5000,0x000070000cac5000)]
  0x00007ffbbbe06000 JavaThread "DestroyJavaVM" [_thread_blocked, id=3587, stack(0x0000700009e41000,0x0000700009f41000)]
  0x00007ffbbc504000 JavaThread "connector-timer-proxy" daemon [_thread_blocked, id=63747, stack(0x0000700012ceb000,0x0000700012deb000)]
  0x00007ffc49df3000 JavaThread "Timer-1" daemon [_thread_blocked, id=63239, stack(0x00007000127dc000,0x00007000128dc000)]
  0x00007ffc4ad59000 JavaThread "ContainerBackgroundProcessor[StandardEngine[glassfish-web]]" daemon [_thread_blocked, id=62983, stack(0x0000700012be8000,0x0000700012ce8000)]
  0x00007ffc39140000 JavaThread "ContainerBackgroundProcessor[StandardEngine[glassfish-web].StandardHost[server].StandardContext[]]" daemon [_thread_blocked, id=67335, stack(0x0000700012ae5000,0x0000700012be5000)]
  0x00007ffbbbd6b800 JavaThread "AWT-AppKit" daemon [_thread_in_native, id=259, stack(0x00007ffee546b000,0x00007ffee5c6b000)]
  0x00007ffc69be8800 JavaThread "GFFileHandler log pump" daemon [_thread_blocked, id=67843, stack(0x00007000129e2000,0x0000700012ae2000)]
  0x00007ffc69bff000 JavaThread "EJB Container Timer" daemon [_thread_blocked, id=68355, stack(0x00007000128df000,0x00007000129df000)]
  0x00007ffc49e09000 JavaThread "payara-executor-service-task" [_thread_blocked, id=68867, stack(0x00007000126d9000,0x00007000127d9000)]
  0x00007ffc49b62800 JavaThread "payara-executor-service-task" [_thread_blocked, id=69379, stack(0x00007000125d6000,0x00007000126d6000)]
  0x00007ffc39946000 JavaThread "hz._hzInstance_2_development.cached.thread-14" [_thread_blocked, id=79879, stack(0x0000700010f94000,0x0000700011094000)]
  0x00007ffbd9028800 JavaThread "hz._hzInstance_2_development.cached.thread-12" [_thread_blocked, id=52231, stack(0x0000700010d8e000,0x0000700010e8e000)]
  0x00007ffbbd2f6000 JavaThread "hz._hzInstance_2_development.cached.thread-10" [_thread_blocked, id=79623, stack(0x0000700010b88000,0x0000700010c88000)]
  0x00007ffbbd2ff000 JavaThread "hz._hzInstance_2_development.HealthMonitor" daemon [_thread_blocked, id=34055, stack(0x000070001077c000,0x000070001087c000)]
  0x00007ffbbc068000 JavaThread "hz._hzInstance_2_development.cached.thread-5" [_thread_blocked, id=75787, stack(0x0000700010576000,0x0000700010676000)]
  0x00007ffbbd2fe800 JavaThread "hz._hzInstance_2_development.cached.thread-3" [_thread_blocked, id=32263, stack(0x0000700010473000,0x0000700010573000)]
  0x00007ffc49b73800 JavaThread "hz._hzInstance_2_development.MulticastThread" [_thread_in_native, id=35847, stack(0x0000700010370000,0x0000700010470000)]
  0x00007ffbbd2fd000 JavaThread "hz._hzInstance_2_development.IO.thread-Acceptor" [_thread_in_native, id=32519, stack(0x000070001026d000,0x000070001036d000)]
  0x00007ffbbd2f5000 JavaThread "hz._hzInstance_2_development.IO.BalancerThread" [_thread_blocked, id=32007, stack(0x000070001016a000,0x000070001026a000)]
  0x00007ffbbd228000 JavaThread "hz._hzInstance_2_development.IO.thread-out-2" [_thread_in_native, id=33031, stack(0x0000700010067000,0x0000700010167000)]
  0x00007ffbbd227800 JavaThread "hz._hzInstance_2_development.IO.thread-out-1" [_thread_in_native, id=36103, stack(0x000070000ff64000,0x0000700010064000)]
  0x00007ffbbbd69000 JavaThread "hz._hzInstance_2_development.IO.thread-out-0" [_thread_in_native, id=84743, stack(0x000070000fe61000,0x000070000ff61000)]
  0x00007ffc49a04000 JavaThread "hz._hzInstance_2_development.IO.thread-in-2" [_thread_in_native, id=83975, stack(0x000070000fd5e000,0x000070000fe5e000)]
  0x00007ffbbdc2a800 JavaThread "hz._hzInstance_2_development.IO.thread-in-1" [_thread_in_native, id=84999, stack(0x000070000fc5b000,0x000070000fd5b000)]
  0x00007ffbbdb17800 JavaThread "hz._hzInstance_2_development.IO.thread-in-0" [_thread_in_native, id=83207, stack(0x000070000fb58000,0x000070000fc58000)]
  0x00007ffbbcbe9800 JavaThread "hz._hzInstance_2_development.SlowOperationDetectorThread" [_thread_blocked, id=46087, stack(0x000070000f84f000,0x000070000f94f000)]
  0x00007ffbb9ab1000 JavaThread "hz._hzInstance_2_development.response-1" [_thread_blocked, id=45319, stack(0x000070000f74c000,0x000070000f84c000)]
  0x00007ffbb9ab0000 JavaThread "hz._hzInstance_2_development.response-0" [_thread_blocked, id=47367, stack(0x000070000f649000,0x000070000f749000)]
  0x00007ffbbcc44000 JavaThread "hz._hzInstance_2_development.generic-operation.thread-7" [_thread_blocked, id=47111, stack(0x000070000f546000,0x000070000f646000)]
  0x00007ffc39865000 JavaThread "hz._hzInstance_2_development.generic-operation.thread-6" [_thread_blocked, id=46343, stack(0x000070000f443000,0x000070000f543000)]
  0x00007ffc19133800 JavaThread "hz._hzInstance_2_development.generic-operation.thread-5" [_thread_blocked, id=46855, stack(0x000070000f340000,0x000070000f440000)]
  0x00007ffbbc185800 JavaThread "hz._hzInstance_2_development.generic-operation.thread-4" [_thread_blocked, id=81671, stack(0x000070000f23d000,0x000070000f33d000)]
  0x00007ffbbb035800 JavaThread "hz._hzInstance_2_development.generic-operation.thread-3" [_thread_blocked, id=81927, stack(0x000070000f13a000,0x000070000f23a000)]
  0x00007ffc49f01800 JavaThread "hz._hzInstance_2_development.generic-operation.thread-2" [_thread_blocked, id=48903, stack(0x000070000f037000,0x000070000f137000)]
  0x00007ffbbbd4d000 JavaThread "hz._hzInstance_2_development.generic-operation.thread-1" [_thread_blocked, id=86535, stack(0x000070000ef34000,0x000070000f034000)]
  0x00007ffbbcb95800 JavaThread "hz._hzInstance_2_development.generic-operation.thread-0" [_thread_blocked, id=86791, stack(0x000070000ee31000,0x000070000ef31000)]
  0x00007ffbbd97e000 JavaThread "hz._hzInstance_2_development.priority-generic-operation.thread-0" [_thread_blocked, id=48647, stack(0x000070000ed2e000,0x000070000ee2e000)]
  0x00007ffbb999d000 JavaThread "hz._hzInstance_2_development.partition-operation.thread-15" [_thread_blocked, id=87047, stack(0x000070000ec2b000,0x000070000ed2b000)]
  0x00007ffbb999c000 JavaThread "hz._hzInstance_2_development.partition-operation.thread-14" [_thread_blocked, id=49671, stack(0x000070000eb28000,0x000070000ec28000)]
  0x00007ffbbc185000 JavaThread "hz._hzInstance_2_development.partition-operation.thread-13" [_thread_blocked, id=85255, stack(0x000070000ea25000,0x000070000eb25000)]
  0x00007ffbbcc04000 JavaThread "hz._hzInstance_2_development.partition-operation.thread-12" [_thread_blocked, id=46599, stack(0x000070000e922000,0x000070000ea22000)]
  0x00007ffbbc184000 JavaThread "hz._hzInstance_2_development.partition-operation.thread-11" [_thread_blocked, id=81159, stack(0x000070000e81f000,0x000070000e91f000)]
  0x00007ffbbbce7800 JavaThread "hz._hzInstance_2_development.partition-operation.thread-10" [_thread_blocked, id=43527, stack(0x000070000e71c000,0x000070000e81c000)]
  0x00007ffbbbc86000 JavaThread "hz._hzInstance_2_development.partition-operation.thread-9" [_thread_blocked, id=44039, stack(0x000070000e619000,0x000070000e719000)]
  0x00007ffbbad83000 JavaThread "hz._hzInstance_2_development.partition-operation.thread-8" [_thread_blocked, id=50439, stack(0x000070000e516000,0x000070000e616000)]
  0x00007ffbbc766000 JavaThread "hz._hzInstance_2_development.partition-operation.thread-7" [_thread_blocked, id=31495, stack(0x000070000e413000,0x000070000e513000)]
  0x00007ffbbc765800 JavaThread "hz._hzInstance_2_development.partition-operation.thread-6" [_thread_blocked, id=60167, stack(0x000070000e310000,0x000070000e410000)]
  0x00007ffbbb033000 JavaThread "hz._hzInstance_2_development.partition-operation.thread-5" [_thread_blocked, id=71943, stack(0x000070000e20d000,0x000070000e30d000)]
  0x00007ffbbd97d000 JavaThread "hz._hzInstance_2_development.partition-operation.thread-4" [_thread_blocked, id=57351, stack(0x000070000e10a000,0x000070000e20a000)]
  0x00007ffbbca81000 JavaThread "hz._hzInstance_2_development.partition-operation.thread-3" [_thread_blocked, id=77831, stack(0x000070000e007000,0x000070000e107000)]
  0x00007ffbbc77c000 JavaThread "hz._hzInstance_2_development.partition-operation.thread-2" [_thread_blocked, id=78087, stack(0x000070000df04000,0x000070000e004000)]
  0x00007ffbbc78d000 JavaThread "hz._hzInstance_2_development.partition-operation.thread-1" [_thread_blocked, id=77063, stack(0x000070000de01000,0x000070000df01000)]
  0x00007ffbbdae2000 JavaThread "hz._hzInstance_2_development.partition-operation.thread-0" [_thread_blocked, id=54791, stack(0x000070000dcfe000,0x000070000ddfe000)]
  0x00007ffbbda29000 JavaThread "hz._hzInstance_2_development.InvocationMonitorThread" [_thread_blocked, id=34823, stack(0x000070000dbfb000,0x000070000dcfb000)]
  0x00007ffbb9d79800 JavaThread "hz._hzInstance_2_development.migration" [_thread_blocked, id=50951, stack(0x000070000d9f5000,0x000070000daf5000)]
  0x00007ffbb9ded000 JavaThread "hz._hzInstance_2_development.operation-parker" [_thread_blocked, id=76551, stack(0x000070000d8f2000,0x000070000d9f2000)]
  0x00007ffbb9d89000 JavaThread "hz._hzInstance_2_development.event-10" [_thread_blocked, id=76295, stack(0x000070000d7ef000,0x000070000d8ef000)]
  0x00007ffbb9dad000 JavaThread "hz._hzInstance_2_development.event-9" [_thread_blocked, id=56583, stack(0x000070000d6ec000,0x000070000d7ec000)]
  0x00007ffbbd0fa800 JavaThread "hz._hzInstance_2_development.event-8" [_thread_blocked, id=56327, stack(0x000070000d5e9000,0x000070000d6e9000)]
  0x00007ffbbd33c000 JavaThread "hz._hzInstance_2_development.event-7" [_thread_blocked, id=57863, stack(0x000070000d4e6000,0x000070000d5e6000)]
  0x00007ffbbda24800 JavaThread "hz._hzInstance_2_development.event-6" [_thread_blocked, id=55303, stack(0x000070000d3e3000,0x000070000d4e3000)]
  0x00007ffbbd8f9800 JavaThread "hz._hzInstance_2_development.scheduled.thread-" [_thread_blocked, id=16651, stack(0x000070000d2e0000,0x000070000d3e0000)]
  0x00007ffbbbd4c800 JavaThread "GlassFish Kernel Main Thread" [_thread_blocked, id=71431, stack(0x0000700011ec1000,0x0000700011fc1000)]
  0x00007ffbbd8fa800 JavaThread "payara-executor-service-scheduled-task" [_thread_blocked, id=72195, stack(0x0000700011bb8000,0x0000700011cb8000)]
  0x00007ffc090a2800 JavaThread "payara-executor-service-scheduled-task" [_thread_blocked, id=72451, stack(0x0000700011ab5000,0x0000700011bb5000)]
=>0x00007ffbbcc43000 JavaThread "payara-executor-service-scheduled-task" [_thread_in_native, id=72963, stack(0x00007000119b2000,0x0000700011ab2000)]
  0x00007ffbbd399000 JavaThread "http-listener-kernel(1) SelectorRunner" daemon [_thread_in_native, id=58627, stack(0x00007000115a6000,0x00007000116a6000)]
  0x00007ffbbd144800 JavaThread "http-listener-expirer(1)" daemon [_thread_blocked, id=58371, stack(0x00007000114a3000,0x00007000115a3000)]
  0x00007ffbbacc6000 JavaThread "http-thread-pool::http-listener(2)" daemon [_thread_blocked, id=58115, stack(0x00007000113a0000,0x00007000114a0000)]
  0x00007ffbbbc85800 JavaThread "http-thread-pool::http-listener(1)" daemon [_thread_blocked, id=75011, stack(0x000070001129d000,0x000070001139d000)]
  0x00007ffc4b8bf000 JavaThread "GF Domain XML" daemon [_thread_blocked, id=75523, stack(0x000070001119a000,0x000070001129a000)]
  0x00007ffc4afdb000 JavaThread "payara-executor-service-task" daemon [_thread_blocked, id=37123, stack(0x000070000d1dd000,0x000070000d2dd000)]
  0x00007ffc4ad63000 JavaThread "GF Domain XML" daemon [_thread_blocked, id=39171, stack(0x000070000c6bc000,0x000070000c7bc000)]
  0x00007ffc39466000 JavaThread "GF Domain XML" daemon [_thread_blocked, id=27395, stack(0x000070000c5b9000,0x000070000c6b9000)]
  0x00007ffc59c29800 JavaThread "GF Domain XML" daemon [_thread_blocked, id=39683, stack(0x000070000c4b6000,0x000070000c5b6000)]
  0x00007ffc39458800 JavaThread "GF Domain XML" daemon [_thread_blocked, id=26883, stack(0x000070000c3b3000,0x000070000c4b3000)]
  0x00007ffc69397000 JavaThread "Timer-0" daemon [_thread_blocked, id=26627, stack(0x000070000c2b0000,0x000070000c3b0000)]
  0x00007ffc5903e800 JavaThread "Service Thread" daemon [_thread_blocked, id=40707, stack(0x000070000c0aa000,0x000070000c1aa000)]
  0x00007ffc59847800 JavaThread "C1 CompilerThread11" daemon [_thread_blocked, id=25859, stack(0x000070000bfa7000,0x000070000c0a7000)]
  0x00007ffc4b809800 JavaThread "C1 CompilerThread10" daemon [_thread_blocked, id=25603, stack(0x000070000bea4000,0x000070000bfa4000)]
  0x00007ffc39008800 JavaThread "C1 CompilerThread9" daemon [_thread_blocked, id=25091, stack(0x000070000bda1000,0x000070000bea1000)]
  0x00007ffc4a825800 JavaThread "C1 CompilerThread8" daemon [_thread_blocked, id=24579, stack(0x000070000bc9e000,0x000070000bd9e000)]
  0x00007ffc59847000 JavaThread "C2 CompilerThread7" daemon [_thread_blocked, id=24323, stack(0x000070000bb9b000,0x000070000bc9b000)]
  0x00007ffc59846000 JavaThread "C2 CompilerThread6" daemon [_thread_blocked, id=24067, stack(0x000070000ba98000,0x000070000bb98000)]
  0x00007ffc59845800 JavaThread "C2 CompilerThread5" daemon [_thread_blocked, id=23811, stack(0x000070000b995000,0x000070000ba95000)]
  0x00007ffc5983c800 JavaThread "C2 CompilerThread4" daemon [_thread_blocked, id=23299, stack(0x000070000b892000,0x000070000b992000)]
  0x00007ffc5983c000 JavaThread "C2 CompilerThread3" daemon [_thread_blocked, id=22787, stack(0x000070000b78f000,0x000070000b88f000)]
  0x00007ffc5983b000 JavaThread "C2 CompilerThread2" daemon [_thread_blocked, id=41987, stack(0x000070000b68c000,0x000070000b78c000)]
  0x00007ffc5983a000 JavaThread "C2 CompilerThread1" daemon [_thread_blocked, id=42499, stack(0x000070000b589000,0x000070000b689000)]
  0x00007ffc59812800 JavaThread "C2 CompilerThread0" daemon [_thread_blocked, id=22275, stack(0x000070000b486000,0x000070000b586000)]
  0x00007ffc59014800 JavaThread "JDWP Command Reader" daemon [_thread_in_native, id=43011, stack(0x000070000b383000,0x000070000b483000)]
  0x00007ffc49813800 JavaThread "JDWP Event Helper Thread" daemon [_thread_blocked, id=21763, stack(0x000070000b280000,0x000070000b380000)]
  0x00007ffc59025800 JavaThread "JDWP Transport Listener: dt_socket" daemon [_thread_blocked, id=15623, stack(0x000070000b17d000,0x000070000b27d000)]
  0x00007ffc59017000 JavaThread "Signal Dispatcher" daemon [_thread_blocked, id=15107, stack(0x000070000b07a000,0x000070000b17a000)]
  0x00007ffc5980e800 JavaThread "Finalizer" daemon [_thread_blocked, id=18691, stack(0x000070000ae71000,0x000070000af71000)]
  0x00007ffc59011000 JavaThread "Reference Handler" daemon [_thread_blocked, id=13571, stack(0x000070000ad6e000,0x000070000ae6e000)]

Other Threads:
  0x00007ffc6984e000 VMThread [stack: 0x000070000ac6b000,0x000070000ad6b000] [id=13059]
  0x00007ffc59041000 WatcherThread [stack: 0x000070000c1ad000,0x000070000c2ad000] [id=40451]

VM state:not at safepoint (normal execution)

VM Mutex/Monitor currently owned by a thread: None

heap address: 0x00000005c0000000, size: 8192 MB, Compressed Oops mode: Zero based, Oop shift amount: 3
Narrow klass base: 0x0000000000000000, Narrow klass shift: 3
Compressed class space size: 1073741824 Address: 0x00000007c0000000

Heap:
 PSYoungGen      total 2509312K, used 474689K [0x0000000715580000, 0x00000007c0000000, 0x00000007c0000000)
  eden space 2295296K, 11% used [0x0000000715580000,0x00000007258676d0,0x00000007a1700000)
  from space 214016K, 97% used [0x00000007b2e00000,0x00000007bfaa8d38,0x00000007bff00000)
  to   space 250368K, 0% used [0x00000007a1700000,0x00000007a1700000,0x00000007b0b80000)
 ParOldGen       total 484352K, used 128188K [0x00000005c0000000, 0x00000005dd900000, 0x0000000715580000)
  object space 484352K, 26% used [0x00000005c0000000,0x00000005c7d2f3e8,0x00000005dd900000)
 Metaspace       used 226822K, capacity 231804K, committed 232344K, reserved 1251328K
  class space    used 29598K, capacity 30506K, committed 30632K, reserved 1048576K

Card table byte_map: [0x000000010b291000,0x000000010c292000] byte_map_base: 0x0000000108491000

Marking Bits: (ParMarkBitMap*) 0x000000010a708488
 Begin Bits: [0x0000000125800000, 0x000000012d800000)
 End Bits:   [0x000000012d800000, 0x0000000135800000)

Polling page: 0x000000010ae27000

CodeCache: size=245760Kb used=97914Kb max_used=97914Kb free=147845Kb
 bounds [0x0000000116800000, 0x000000011c830000, 0x0000000125800000]
 total_blobs=24511 nmethods=23694 adapters=732
 compilation: enabled

Compilation events (10 events):
Event: 1038.573 Thread 0x00007ffc4a825800 29303       3       org.apache.xerces.util.XMLAttributesImpl::setSpecified (11 bytes)
Event: 1038.573 Thread 0x00007ffc4a825800 nmethod 29303 0x000000011c80fc90 code [0x000000011c80fe00, 0x000000011c80ff90]
Event: 1038.573 Thread 0x00007ffc59847800 nmethod 29302 0x000000011c812d50 code [0x000000011c812ec0, 0x000000011c813070]
Event: 1038.573 Thread 0x00007ffc59847800 29305       3       org.apache.xerces.impl.xs.XSElementDecl::getConstraintType (8 bytes)
Event: 1038.573 Thread 0x00007ffc4a825800 29304       3       org.apache.xerces.impl.dv.ValidatedInfo::reset (37 bytes)
Event: 1038.573 Thread 0x00007ffc59847800 nmethod 29305 0x000000011c813190 code [0x000000011c8132e0, 0x000000011c813430]
Event: 1038.573 Thread 0x00007ffc4a825800 nmethod 29304 0x000000011c8134d0 code [0x000000011c813620, 0x000000011c8137f0]
Event: 1038.574 Thread 0x00007ffc5983c000 nmethod 29299 0x000000011c816550 code [0x000000011c8166a0, 0x000000011c816778]
Event: 1038.574 Thread 0x00007ffc39008800 nmethod 29300 0x000000011c814750 code [0x000000011c814980, 0x000000011c815a58]
Event: 1038.578 Thread 0x00007ffc4b809800 nmethod 29301 0x000000011c816850 code [0x000000011c817120, 0x000000011c81da88]

GC Heap History (10 events):
Event: 607.655 GC heap before
{Heap before GC invocations=37 (full 8):
 PSYoungGen      total 2327552K, used 2138112K [0x0000000715580000, 0x00000007af380000, 0x00000007c0000000)
  eden space 2138112K, 100% used [0x0000000715580000,0x0000000797d80000,0x0000000797d80000)
  from space 189440K, 0% used [0x00000007a3a80000,0x00000007a3a80000,0x00000007af380000)
  to   space 191488K, 0% used [0x0000000797d80000,0x0000000797d80000,0x00000007a3880000)
 ParOldGen       total 484352K, used 100119K [0x00000005c0000000, 0x00000005dd900000, 0x0000000715580000)
  object space 484352K, 20% used [0x00000005c0000000,0x00000005c61c5ea0,0x00000005dd900000)
 Metaspace       used 191163K, capacity 195762K, committed 196120K, reserved 1220608K
  class space    used 24973K, capacity 25852K, committed 25896K, reserved 1048576K
Event: 607.758 GC heap after
Heap after GC invocations=37 (full 8):
 PSYoungGen      total 2329600K, used 191487K [0x0000000715580000, 0x00000007c0000000, 0x00000007c0000000)
  eden space 2138112K, 0% used [0x0000000715580000,0x0000000715580000,0x0000000797d80000)
  from space 191488K, 99% used [0x0000000797d80000,0x00000007a387ff58,0x00000007a3880000)
  to   space 231936K, 0% used [0x00000007b1d80000,0x00000007b1d80000,0x00000007c0000000)
 ParOldGen       total 484352K, used 117913K [0x00000005c0000000, 0x00000005dd900000, 0x0000000715580000)
  object space 484352K, 24% used [0x00000005c0000000,0x00000005c73266e8,0x00000005dd900000)
 Metaspace       used 191163K, capacity 195762K, committed 196120K, reserved 1220608K
  class space    used 24973K, capacity 25852K, committed 25896K, reserved 1048576K
}
Event: 866.943 GC heap before
{Heap before GC invocations=38 (full 8):
 PSYoungGen      total 2329600K, used 2329392K [0x0000000715580000, 0x00000007c0000000, 0x00000007c0000000)
  eden space 2138112K, 99% used [0x0000000715580000,0x0000000797d4c368,0x0000000797d80000)
  from space 191488K, 99% used [0x0000000797d80000,0x00000007a387ff58,0x00000007a3880000)
  to   space 231936K, 0% used [0x00000007b1d80000,0x00000007b1d80000,0x00000007c0000000)
 ParOldGen       total 484352K, used 117913K [0x00000005c0000000, 0x00000005dd900000, 0x0000000715580000)
  object space 484352K, 24% used [0x00000005c0000000,0x00000005c73266e8,0x00000005dd900000)
 Metaspace       used 207634K, capacity 212514K, committed 212632K, reserved 1232896K
  class space    used 27343K, capacity 28302K, committed 28328K, reserved 1048576K
Event: 866.977 GC heap after
Heap after GC invocations=38 (full 8):
 PSYoungGen      total 2575360K, used 59140K [0x0000000715580000, 0x00000007c0000000, 0x00000007c0000000)
  eden space 2343424K, 0% used [0x0000000715580000,0x0000000715580000,0x00000007a4600000)
  from space 231936K, 25% used [0x00000007b1d80000,0x00000007b57413d0,0x00000007c0000000)
  to   space 220672K, 0% used [0x00000007a4600000,0x00000007a4600000,0x00000007b1d80000)
 ParOldGen       total 484352K, used 117929K [0x00000005c0000000, 0x00000005dd900000, 0x0000000715580000)
  object space 484352K, 24% used [0x00000005c0000000,0x00000005c732a700,0x00000005dd900000)
 Metaspace       used 207634K, capacity 212514K, committed 212632K, reserved 1232896K
  class space    used 27343K, capacity 28302K, committed 28328K, reserved 1048576K
}
Event: 1033.094 GC heap before
{Heap before GC invocations=39 (full 8):
 PSYoungGen      total 2575360K, used 1644340K [0x0000000715580000, 0x00000007c0000000, 0x00000007c0000000)
  eden space 2343424K, 67% used [0x0000000715580000,0x000000077618be78,0x00000007a4600000)
  from space 231936K, 25% used [0x00000007b1d80000,0x00000007b57413d0,0x00000007c0000000)
  to   space 220672K, 0% used [0x00000007a4600000,0x00000007a4600000,0x00000007b1d80000)
 ParOldGen       total 484352K, used 117929K [0x00000005c0000000, 0x00000005dd900000, 0x0000000715580000)
  object space 484352K, 24% used [0x00000005c0000000,0x00000005c732a700,0x00000005dd900000)
 Metaspace       used 221314K, capacity 226352K, committed 226712K, reserved 1247232K
  class space    used 28834K, capacity 29803K, committed 29864K, reserved 1048576K
Event: 1033.120 GC heap after
Heap after GC invocations=39 (full 8):
 PSYoungGen      total 2564096K, used 33610K [0x0000000715580000, 0x00000007bff00000, 0x00000007c0000000)
  eden space 2343424K, 0% used [0x0000000715580000,0x0000000715580000,0x00000007a4600000)
  from space 220672K, 15% used [0x00000007a4600000,0x00000007a66d2928,0x00000007b1d80000)
  to   space 214016K, 0% used [0x00000007b2e00000,0x00000007b2e00000,0x00000007bff00000)
 ParOldGen       total 484352K, used 117945K [0x00000005c0000000, 0x00000005dd900000, 0x0000000715580000)
  object space 484352K, 24% used [0x00000005c0000000,0x00000005c732e700,0x00000005dd900000)
 Metaspace       used 221314K, capacity 226352K, committed 226712K, reserved 1247232K
  class space    used 28834K, capacity 29803K, committed 29864K, reserved 1048576K
}
Event: 1033.120 GC heap before
{Heap before GC invocations=40 (full 9):
 PSYoungGen      total 2564096K, used 33610K [0x0000000715580000, 0x00000007bff00000, 0x00000007c0000000)
  eden space 2343424K, 0% used [0x0000000715580000,0x0000000715580000,0x00000007a4600000)
  from space 220672K, 15% used [0x00000007a4600000,0x00000007a66d2928,0x00000007b1d80000)
  to   space 214016K, 0% used [0x00000007b2e00000,0x00000007b2e00000,0x00000007bff00000)
 ParOldGen       total 484352K, used 117945K [0x00000005c0000000, 0x00000005dd900000, 0x0000000715580000)
  object space 484352K, 24% used [0x00000005c0000000,0x00000005c732e700,0x00000005dd900000)
 Metaspace       used 221314K, capacity 226352K, committed 226712K, reserved 1247232K
  class space    used 28834K, capacity 29803K, committed 29864K, reserved 1048576K
Event: 1033.578 GC heap after
Heap after GC invocations=40 (full 9):
 PSYoungGen      total 2564096K, used 0K [0x0000000715580000, 0x00000007bff00000, 0x00000007c0000000)
  eden space 2343424K, 0% used [0x0000000715580000,0x0000000715580000,0x00000007a4600000)
  from space 220672K, 0% used [0x00000007a4600000,0x00000007a4600000,0x00000007b1d80000)
  to   space 214016K, 0% used [0x00000007b2e00000,0x00000007b2e00000,0x00000007bff00000)
 ParOldGen       total 484352K, used 128116K [0x00000005c0000000, 0x00000005dd900000, 0x0000000715580000)
  object space 484352K, 26% used [0x00000005c0000000,0x00000005c7d1d3d8,0x00000005dd900000)
 Metaspace       used 220472K, capacity 225274K, committed 226712K, reserved 1247232K
  class space    used 28710K, capacity 29589K, committed 29864K, reserved 1048576K
}
Event: 1037.424 GC heap before
{Heap before GC invocations=41 (full 9):
 PSYoungGen      total 2564096K, used 2343424K [0x0000000715580000, 0x00000007bff00000, 0x00000007c0000000)
  eden space 2343424K, 100% used [0x0000000715580000,0x00000007a4600000,0x00000007a4600000)
  from space 220672K, 0% used [0x00000007a4600000,0x00000007a4600000,0x00000007b1d80000)
  to   space 214016K, 0% used [0x00000007b2e00000,0x00000007b2e00000,0x00000007bff00000)
 ParOldGen       total 484352K, used 128116K [0x00000005c0000000, 0x00000005dd900000, 0x0000000715580000)
  object space 484352K, 26% used [0x00000005c0000000,0x00000005c7d1d3d8,0x00000005dd900000)
 Metaspace       used 224532K, capacity 229462K, committed 230168K, reserved 1249280K
  class space    used 29197K, capacity 30089K, committed 30248K, reserved 1048576K
Event: 1037.574 GC heap after
Heap after GC invocations=41 (full 9):
 PSYoungGen      total 2509312K, used 209571K [0x0000000715580000, 0x00000007c0000000, 0x00000007c0000000)
  eden space 2295296K, 0% used [0x0000000715580000,0x0000000715580000,0x00000007a1700000)
  from space 214016K, 97% used [0x00000007b2e00000,0x00000007bfaa8d38,0x00000007bff00000)
  to   space 250368K, 0% used [0x00000007a1700000,0x00000007a1700000,0x00000007b0b80000)
 ParOldGen       total 484352K, used 128188K [0x00000005c0000000, 0x00000005dd900000, 0x0000000715580000)
  object space 484352K, 26% used [0x00000005c0000000,0x00000005c7d2f3e8,0x00000005dd900000)
 Metaspace       used 224532K, capacity 229462K, committed 230168K, reserved 1249280K
  class space    used 29197K, capacity 30089K, committed 30248K, reserved 1048576K
}

Deoptimization events (10 events):
Event: 871.272 Thread 0x00007ffbd902e000 Uncommon trap: reason=unstable_if action=reinterpret pc=0x00000001175c4b58 method=java.lang.Math.min(FF)F @ 37
Event: 871.280 Thread 0x00007ffbd902e000 Uncommon trap: reason=unstable_if action=reinterpret pc=0x0000000117a4f070 method=java.lang.Float.isNaN(F)Z @ 3
Event: 871.352 Thread 0x00007ffbd902e000 Uncommon trap: reason=unstable_if action=reinterpret pc=0x000000011c6ee1fc method=com.itextpdf.text.pdf.ByteBuffer.append_i(I)Lcom/itextpdf/text/pdf/ByteBuffer; @ 13
Event: 1033.067 Thread 0x00007ffbbcc43000 Uncommon trap: reason=predicate action=maybe_recompile pc=0x000000011be49e08 method=org.glassfish.web.loader.WebappClassLoader.loadedByThisOrChild(Ljava/lang/Object;)Z @ 78
Event: 1033.069 Thread 0x00007ffbbcc43000 Uncommon trap: reason=unstable_if action=reinterpret pc=0x000000011a5e7860 method=org.apache.naming.resources.WebDirContext.lookupFromJars(Ljava/lang/String;)Lorg/apache/naming/resources/WebDirContext$JarFileEntry; @ 8
Event: 1035.615 Thread 0x00007ffbbcc43000 Uncommon trap: reason=unstable_if action=reinterpret pc=0x0000000118a964a0 method=org.glassfish.web.loader.WebappClassLoader.loadedByThisOrChild(Ljava/lang/Object;)Z @ 10
Event: 1035.744 Thread 0x00007ffbbcc43000 Uncommon trap: reason=unstable_if action=reinterpret pc=0x000000011c33a9f8 method=org.sqlite.SQLiteJDBCLoader.contentsEquals(Ljava/io/InputStream;Ljava/io/InputStream;)Z @ 39
Event: 1036.651 Thread 0x00007ffbbcc43000 Uncommon trap: reason=unstable_if action=reinterpret pc=0x000000011b472014 method=org.apache.xerces.impl.xpath.regex.RangeToken.addRange(II)V @ 134
Event: 1036.656 Thread 0x00007ffbbcc43000 Uncommon trap: reason=unstable_if action=reinterpret pc=0x000000011b472708 method=org.apache.xerces.impl.xpath.regex.RangeToken.sortRanges()V @ 46
Event: 1037.673 Thread 0x00007ffbbcc43000 Uncommon trap: reason=unstable_if action=reinterpret pc=0x000000011c7c74e4 method=org.apache.xerces.impl.XMLEntityScanner.scanContent(Lorg/apache/xerces/xni/XMLString;)I @ 134

Classes redefined (10 events):
Event: 579.587 Thread 0x00007ffc6984e000 redefined class name=com.github.adminfaces.starter.model.Resultat_, count=1
Event: 580.351 Thread 0x00007ffc6984e000 redefined class name=com.github.adminfaces.starter.model.Discipline_, count=2
Event: 580.437 Thread 0x00007ffc6984e000 redefined class name=com.github.adminfaces.starter.model.Eleve_, count=2
Event: 580.521 Thread 0x00007ffc6984e000 redefined class name=com.github.adminfaces.starter.model.Discipline_, count=2
Event: 580.605 Thread 0x00007ffc6984e000 redefined class name=com.github.adminfaces.starter.model.Discipline_, count=2
Event: 580.690 Thread 0x00007ffc6984e000 redefined class name=com.github.adminfaces.starter.model.Bulletin_, count=2
Event: 580.775 Thread 0x00007ffc6984e000 redefined class name=com.github.adminfaces.starter.model.Eleve_, count=2
Event: 580.866 Thread 0x00007ffc6984e000 redefined class name=com.github.adminfaces.starter.model.Eleve_, count=2
Event: 580.950 Thread 0x00007ffc6984e000 redefined class name=com.github.adminfaces.starter.model.Bulletin_, count=2
Event: 581.031 Thread 0x00007ffc6984e000 redefined class name=com.github.adminfaces.starter.model.Bulletin_, count=2

Internal exceptions (10 events):
Event: 1035.540 Thread 0x00007ffbbcc43000 Exception <a 'java/security/PrivilegedActionException'> (0x000000079052fb60) thrown at [/jenkins/workspace/8-2-build-macosx-x86_64/jdk8u281/880/hotspot/src/share/vm/prims/jvm.cpp, line 1512]
Event: 1035.540 Thread 0x00007ffbbcc43000 Exception <a 'java/security/PrivilegedActionException'> (0x0000000790530ef0) thrown at [/jenkins/workspace/8-2-build-macosx-x86_64/jdk8u281/880/hotspot/src/share/vm/prims/jvm.cpp, line 1512]
Event: 1035.540 Thread 0x00007ffbbcc43000 Exception <a 'java/security/PrivilegedActionException'> (0x00000007905314d0) thrown at [/jenkins/workspace/8-2-build-macosx-x86_64/jdk8u281/880/hotspot/src/share/vm/prims/jvm.cpp, line 1512]
Event: 1035.548 Thread 0x00007ffbbcc43000 Exception <a 'java/io/FileNotFoundException'> (0x0000000790632c78) thrown at [/jenkins/workspace/8-2-build-macosx-x86_64/jdk8u281/880/hotspot/src/share/vm/prims/jni.cpp, line 710]
Event: 1035.580 Thread 0x00007ffc49b73800 Exception <a 'java/net/SocketTimeoutException': Receive timed out> (0x0000000715758db0) thrown at [/jenkins/workspace/8-2-build-macosx-x86_64/jdk8u281/880/hotspot/src/share/vm/prims/jni.cpp, line 737]
Event: 1035.645 Thread 0x00007ffbbcc43000 Exception <a 'java/security/PrivilegedActionException'> (0x0000000791514bb8) thrown at [/jenkins/workspace/8-2-build-macosx-x86_64/jdk8u281/880/hotspot/src/share/vm/prims/jvm.cpp, line 1512]
Event: 1035.645 Thread 0x00007ffbbcc43000 Exception <a 'java/security/PrivilegedActionException'> (0x0000000791514fb0) thrown at [/jenkins/workspace/8-2-build-macosx-x86_64/jdk8u281/880/hotspot/src/share/vm/prims/jvm.cpp, line 1512]
Event: 1036.585 Thread 0x00007ffc49b73800 Exception <a 'java/net/SocketTimeoutException': Receive timed out> (0x0000000715759010) thrown at [/jenkins/workspace/8-2-build-macosx-x86_64/jdk8u281/880/hotspot/src/share/vm/prims/jni.cpp, line 737]
Event: 1037.588 Thread 0x00007ffc49b73800 Exception <a 'java/net/SocketTimeoutException': Receive timed out> (0x0000000716105348) thrown at [/jenkins/workspace/8-2-build-macosx-x86_64/jdk8u281/880/hotspot/src/share/vm/prims/jni.cpp, line 737]
Event: 1038.591 Thread 0x00007ffc49b73800 Exception <a 'java/net/SocketTimeoutException': Receive timed out> (0x00000007161055a8) thrown at [/jenkins/workspace/8-2-build-macosx-x86_64/jdk8u281/880/hotspot/src/share/vm/prims/jni.cpp, line 737]

Events (10 events):
Event: 1038.657 Thread 0x00007ffbbcc43000 DEOPT PACKING pc=0x000000011896c290 sp=0x0000700011aad970
Event: 1038.657 Thread 0x00007ffbbcc43000 DEOPT UNPACKING pc=0x0000000116847784 sp=0x0000700011aad688 mode 1
Event: 1038.657 Thread 0x00007ffbbcc43000 DEOPT PACKING pc=0x000000011896c290 sp=0x0000700011aad970
Event: 1038.657 Thread 0x00007ffbbcc43000 DEOPT UNPACKING pc=0x0000000116847784 sp=0x0000700011aad688 mode 1
Event: 1038.657 Thread 0x00007ffbbcc43000 DEOPT PACKING pc=0x000000011896c290 sp=0x0000700011aad970
Event: 1038.657 Thread 0x00007ffbbcc43000 DEOPT UNPACKING pc=0x0000000116847784 sp=0x0000700011aad688 mode 1
Event: 1038.657 Thread 0x00007ffbbcc43000 DEOPT PACKING pc=0x000000011896c290 sp=0x0000700011aad970
Event: 1038.657 Thread 0x00007ffbbcc43000 DEOPT UNPACKING pc=0x0000000116847784 sp=0x0000700011aad688 mode 1
Event: 1038.657 Thread 0x00007ffbbcc43000 DEOPT PACKING pc=0x00000001192afd04 sp=0x0000700011aadb90
Event: 1038.657 Thread 0x00007ffbbcc43000 DEOPT UNPACKING pc=0x0000000116847784 sp=0x0000700011aad880 mode 1


Dynamic libraries:
0x00007fff3501a000 	/System/Library/Frameworks/Cocoa.framework/Versions/A/Cocoa
0x00007fff2238f000 	/System/Library/Frameworks/Security.framework/Versions/A/Security
0x00007fff33227000 	/System/Library/Frameworks/ApplicationServices.framework/Versions/A/ApplicationServices
0x00007fff2a60c000 	/usr/lib/libz.1.dylib
0x00007fff2a6d4000 	/usr/lib/libSystem.B.dylib
0x00007fff2057b000 	/System/Library/Frameworks/CoreFoundation.framework/Versions/A/CoreFoundation
0x00007fff21328000 	/System/Library/Frameworks/Foundation.framework/Versions/C/Foundation
0x00007fff2039b000 	/usr/lib/libobjc.A.dylib
0x00007fff22dbd000 	/System/Library/Frameworks/AppKit.framework/Versions/C/AppKit
0x00007fff25c7c000 	/System/Library/Frameworks/CoreData.framework/Versions/A/CoreData
0x00007fff23b06000 	/System/Library/PrivateFrameworks/UIFoundation.framework/Versions/A/UIFoundation
0x00007fff2fcfd000 	/System/Library/PrivateFrameworks/RemoteViewServices.framework/Versions/A/RemoteViewServices
0x00007fff28b18000 	/System/Library/PrivateFrameworks/XCTTargetBootstrap.framework/Versions/A/XCTTargetBootstrap
0x00007fff2b7fd000 	/usr/lib/libspindump.dylib
0x00007fff23d55000 	/System/Library/Frameworks/UniformTypeIdentifiers.framework/Versions/A/UniformTypeIdentifiers
0x00007fff27318000 	/usr/lib/libapp_launch_measurement.dylib
0x00007fff2731b000 	/System/Library/PrivateFrameworks/CoreAutoLayout.framework/Versions/A/CoreAutoLayout
0x00007fff2847b000 	/System/Library/Frameworks/Metal.framework/Versions/A/Metal
0x00007fff29175000 	/usr/lib/liblangid.dylib
0x00007fff28b1c000 	/System/Library/PrivateFrameworks/CoreSVG.framework/Versions/A/CoreSVG
0x00007fff24d94000 	/System/Library/PrivateFrameworks/SkyLight.framework/Versions/A/SkyLight
0x00007fff250f9000 	/System/Library/Frameworks/CoreGraphics.framework/Versions/A/CoreGraphics
0x00007fff30224000 	/System/Library/Frameworks/Accelerate.framework/Versions/A/Accelerate
0x00007fff2b23b000 	/System/Library/PrivateFrameworks/IconServices.framework/Versions/A/IconServices
0x00007fff2845f000 	/System/Library/Frameworks/IOSurface.framework/Versions/A/IOSurface
0x00007fff26604000 	/usr/lib/libDiagnosticMessagesClient.dylib
0x00007fff28b04000 	/System/Library/PrivateFrameworks/DFRFoundation.framework/Versions/A/DFRFoundation
0x00007fff226e4000 	/usr/lib/libicucore.A.dylib
0x00007fff2cd44000 	/System/Library/Frameworks/AudioToolbox.framework/Versions/A/AudioToolbox
0x00007fff2bfce000 	/System/Library/PrivateFrameworks/DataDetectorsCore.framework/Versions/A/DataDetectorsCore
0x00007fff24d08000 	/usr/lib/libMobileGestalt.dylib
0x00007fff28808000 	/System/Library/Frameworks/Carbon.framework/Versions/A/Frameworks/HIToolbox.framework/Versions/A/HIToolbox
0x00007fff26d5e000 	/System/Library/Frameworks/QuartzCore.framework/Versions/A/QuartzCore
0x00007fff2fd35000 	/System/Library/Frameworks/Carbon.framework/Versions/A/Frameworks/SpeechRecognition.framework/Versions/A/SpeechRecognition
0x00007fff2707d000 	/System/Library/PrivateFrameworks/CoreUI.framework/Versions/A/CoreUI
0x00007fff21cfe000 	/System/Library/Frameworks/CoreAudio.framework/Versions/A/CoreAudio
0x00007fff266ef000 	/System/Library/Frameworks/DiskArbitration.framework/Versions/A/DiskArbitration
0x00007fff2bbcb000 	/System/Library/PrivateFrameworks/MultitouchSupport.framework/Versions/A/MultitouchSupport
0x00007fff2bfc5000 	/System/Library/PrivateFrameworks/InternationalSupport.framework/Versions/A/InternationalSupport
0x00007fff24d07000 	/usr/lib/libenergytrace.dylib
0x00007fff22cb4000 	/System/Library/Frameworks/IOKit.framework/Versions/A/IOKit
0x00007fff30068000 	/System/Library/Frameworks/CoreServices.framework/Versions/A/CoreServices
0x00007fff272aa000 	/System/Library/PrivateFrameworks/PerformanceAnalysis.framework/Versions/A/PerformanceAnalysis
0x00007fff6bb1c000 	/System/Library/Frameworks/OpenGL.framework/Versions/A/OpenGL
0x00007fff2c049000 	/System/Library/PrivateFrameworks/UserActivity.framework/Versions/A/UserActivity
0x00007fff25783000 	/System/Library/Frameworks/ColorSync.framework/Versions/A/ColorSync
0x00007fff28d83000 	/System/Library/Frameworks/CoreImage.framework/Versions/A/CoreImage
0x00007fff21b18000 	/System/Library/Frameworks/CoreText.framework/Versions/A/CoreText
0x00007fff28b46000 	/System/Library/Frameworks/ImageIO.framework/Versions/A/ImageIO
0x00007fff2a6da000 	/System/Library/PrivateFrameworks/SoftLinking.framework/Versions/A/SoftLinking
0x00007fff27363000 	/usr/lib/libxml2.2.dylib
0x00007fff20461000 	/usr/lib/libc++.1.dylib
0x00007fff2a94b000 	/usr/lib/libcompression.dylib
0x00007fff2bef7000 	/System/Library/PrivateFrameworks/TextureIO.framework/Versions/A/TextureIO
0x00007fff2af7a000 	/usr/lib/libate.dylib
0x00007fff2a6ce000 	/usr/lib/system/libcache.dylib
0x00007fff2a68a000 	/usr/lib/system/libcommonCrypto.dylib
0x00007fff2a6b4000 	/usr/lib/system/libcompiler_rt.dylib
0x00007fff2a6a9000 	/usr/lib/system/libcopyfile.dylib
0x00007fff2028b000 	/usr/lib/system/libcorecrypto.dylib
0x00007fff20356000 	/usr/lib/system/libdispatch.dylib
0x00007fff20509000 	/usr/lib/system/libdyld.dylib
0x00007fff2a6c5000 	/usr/lib/system/libkeymgr.dylib
0x00007fff2dadb000 	/usr/lib/system/liblaunch.dylib
0x00007fff2a668000 	/usr/lib/system/libmacho.dylib
0x00007fff29e60000 	/usr/lib/system/libquarantine.dylib
0x00007fff2a6c2000 	/usr/lib/system/libremovefile.dylib
0x00007fff24d65000 	/usr/lib/system/libsystem_asl.dylib
0x00007fff2023b000 	/usr/lib/system/libsystem_blocks.dylib
0x00007fff203d8000 	/usr/lib/system/libsystem_c.dylib
0x00007fff2a6bc000 	/usr/lib/system/libsystem_collections.dylib
0x00007fff29166000 	/usr/lib/system/libsystem_configuration.dylib
0x00007fff2844e000 	/usr/lib/system/libsystem_containermanager.dylib
0x00007fff2a40b000 	/usr/lib/system/libsystem_coreservices.dylib
0x00007fff22944000 	/usr/lib/system/libsystem_darwin.dylib
0x00007fff2a6c6000 	/usr/lib/system/libsystem_dnssd.dylib
0x00007fff203d5000 	/usr/lib/system/libsystem_featureflags.dylib
0x00007fff2054f000 	/usr/lib/system/libsystem_info.dylib
0x00007fff2a61f000 	/usr/lib/system/libsystem_m.dylib
0x00007fff20329000 	/usr/lib/system/libsystem_malloc.dylib
0x00007fff24cf8000 	/usr/lib/system/libsystem_networkextension.dylib
0x00007fff22d63000 	/usr/lib/system/libsystem_notify.dylib
0x00007fff2ff6a000 	/usr/lib/system/libsystem_product_info_filter.dylib
0x00007fff2916a000 	/usr/lib/system/libsystem_sandbox.dylib
0x00007fff2a6bf000 	/usr/lib/system/libsystem_secinit.dylib
0x00007fff204cd000 	/usr/lib/system/libsystem_kernel.dylib
0x00007fff20545000 	/usr/lib/system/libsystem_platform.dylib
0x00007fff204fd000 	/usr/lib/system/libsystem_pthread.dylib
0x00007fff26440000 	/usr/lib/system/libsystem_symptoms.dylib
0x00007fff20273000 	/usr/lib/system/libsystem_trace.dylib
0x00007fff2a696000 	/usr/lib/system/libunwind.dylib
0x00007fff2023d000 	/usr/lib/system/libxpc.dylib
0x00007fff204b7000 	/usr/lib/libc++abi.dylib
0x00007fff2a6a1000 	/usr/lib/liboah.dylib
0x00007fff2ad5f000 	/usr/lib/liblzma.5.dylib
0x00007fff2103c000 	/System/Library/Frameworks/SystemConfiguration.framework/Versions/A/SystemConfiguration
0x00007fff2a6d6000 	/usr/lib/libfakelink.dylib
0x00007fff24859000 	/System/Library/Frameworks/CFNetwork.framework/Versions/A/CFNetwork
0x00007fff2a816000 	/usr/lib/libarchive.2.dylib
0x00007fff210ba000 	/usr/lib/libCRFSuite.dylib
0x00007fff29e87000 	/usr/lib/libbsm.0.dylib
0x00007fff241d2000 	/usr/lib/libnetwork.dylib
0x00007fff2a6db000 	/usr/lib/libpcap.A.dylib
0x00007fff26439000 	/usr/lib/libdns_services.dylib
0x00007fff2ad78000 	/usr/lib/libcoretls_cfhelpers.dylib
0x00007fff2a915000 	/usr/lib/libapple_nghttp2.dylib
0x00007fff2a66e000 	/usr/lib/system/libkxld.dylib
0x00007fff260b2000 	/usr/lib/libsqlite3.dylib
0x00007fff2a3ee000 	/System/Library/PrivateFrameworks/AppleFSCompression.framework/Versions/A/AppleFSCompression
0x00007fff29e6f000 	/usr/lib/libcoretls.dylib
0x00007fff2a946000 	/usr/lib/libpam.2.dylib
0x00007fff2ae76000 	/usr/lib/libxar.1.dylib
0x00007fff29171000 	/System/Library/PrivateFrameworks/AppleSystemInfo.framework/Versions/A/AppleSystemInfo
0x00007fff29ab1000 	/System/Library/PrivateFrameworks/IOMobileFramebuffer.framework/Versions/A/IOMobileFramebuffer
0x00007fff2a3fe000 	/usr/lib/libbz2.1.0.dylib
0x00007fff2a713000 	/usr/lib/libiconv.2.dylib
0x00007fff2a667000 	/usr/lib/libcharset.1.dylib
0x00007fff272e6000 	/System/Library/Frameworks/CoreServices.framework/Versions/A/Frameworks/FSEvents.framework/Versions/A/FSEvents
0x00007fff2294e000 	/System/Library/Frameworks/CoreServices.framework/Versions/A/Frameworks/CarbonCore.framework/Versions/A/CarbonCore
0x00007fff26654000 	/System/Library/Frameworks/CoreServices.framework/Versions/A/Frameworks/Metadata.framework/Versions/A/Metadata
0x00007fff2a410000 	/System/Library/Frameworks/CoreServices.framework/Versions/A/Frameworks/OSServices.framework/Versions/A/OSServices
0x00007fff2a888000 	/System/Library/Frameworks/CoreServices.framework/Versions/A/Frameworks/SearchKit.framework/Versions/A/SearchKit
0x00007fff263c4000 	/System/Library/Frameworks/CoreServices.framework/Versions/A/Frameworks/AE.framework/Versions/A/AE
0x00007fff20a19000 	/System/Library/Frameworks/CoreServices.framework/Versions/A/Frameworks/LaunchServices.framework/Versions/A/LaunchServices
0x00007fff2ad0f000 	/System/Library/Frameworks/CoreServices.framework/Versions/A/Frameworks/DictionaryServices.framework/Versions/A/DictionaryServices
0x00007fff272f3000 	/System/Library/Frameworks/CoreServices.framework/Versions/A/Frameworks/SharedFileList.framework/Versions/A/SharedFileList
0x00007fff29e63000 	/usr/lib/libCheckFix.dylib
0x00007fff24d7c000 	/System/Library/PrivateFrameworks/TCC.framework/Versions/A/TCC
0x00007fff29177000 	/System/Library/PrivateFrameworks/CoreNLP.framework/Versions/A/CoreNLP
0x00007fff26607000 	/System/Library/PrivateFrameworks/MetadataUtilities.framework/Versions/A/MetadataUtilities
0x00007fff210ef000 	/usr/lib/libmecabra.dylib
0x00007fff2a16d000 	/System/Library/Frameworks/MLCompute.framework/Versions/A/MLCompute
0x00007fff29e98000 	/usr/lib/libmecab.dylib
0x00007fff29ee2000 	/usr/lib/libgermantok.dylib
0x00007fff2a8f0000 	/usr/lib/libThaiTokenizer.dylib
0x00007fff2aeb1000 	/usr/lib/libChineseTokenizer.dylib
0x00007fff2a944000 	/System/Library/Frameworks/MetalPerformanceShaders.framework/Versions/A/MetalPerformanceShaders
0x00007fff266f6000 	/System/Library/Frameworks/Accelerate.framework/Versions/A/Frameworks/vImage.framework/Versions/A/vImage
0x00007fff30042000 	/System/Library/Frameworks/Accelerate.framework/Versions/A/Frameworks/vecLib.framework/Versions/A/vecLib
0x00007fff2aebc000 	/System/Library/Frameworks/Accelerate.framework/Versions/A/Frameworks/vecLib.framework/Versions/A/libvMisc.dylib
0x00007fff298cc000 	/System/Library/Frameworks/Accelerate.framework/Versions/A/Frameworks/vecLib.framework/Versions/A/libvDSP.dylib
0x00007fff20d22000 	/System/Library/Frameworks/Accelerate.framework/Versions/A/Frameworks/vecLib.framework/Versions/A/libBLAS.dylib
0x00007fff2a971000 	/System/Library/Frameworks/Accelerate.framework/Versions/A/Frameworks/vecLib.framework/Versions/A/libLAPACK.dylib
0x00007fff29ee8000 	/System/Library/Frameworks/Accelerate.framework/Versions/A/Frameworks/vecLib.framework/Versions/A/libLinearAlgebra.dylib
0x00007fff2a92d000 	/System/Library/Frameworks/Accelerate.framework/Versions/A/Frameworks/vecLib.framework/Versions/A/libSparseBLAS.dylib
0x00007fff2a96b000 	/System/Library/Frameworks/Accelerate.framework/Versions/A/Frameworks/vecLib.framework/Versions/A/libQuadrature.dylib
0x00007fff29223000 	/System/Library/Frameworks/Accelerate.framework/Versions/A/Frameworks/vecLib.framework/Versions/A/libBNNS.dylib
0x00007fff20fcd000 	/System/Library/Frameworks/Accelerate.framework/Versions/A/Frameworks/vecLib.framework/Versions/A/libSparse.dylib
0x00007fff290ff000 	/System/Library/Frameworks/MetalPerformanceShaders.framework/Versions/A/Frameworks/MPSCore.framework/Versions/A/MPSCore
0x00007fff2a35d000 	/System/Library/Frameworks/MetalPerformanceShaders.framework/Versions/A/Frameworks/MPSImage.framework/Versions/A/MPSImage
0x00007fff29efe000 	/System/Library/Frameworks/MetalPerformanceShaders.framework/Versions/A/Frameworks/MPSNeuralNetwork.framework/Versions/A/MPSNeuralNetwork
0x00007fff2a2cf000 	/System/Library/Frameworks/MetalPerformanceShaders.framework/Versions/A/Frameworks/MPSMatrix.framework/Versions/A/MPSMatrix
0x00007fff2a11d000 	/System/Library/Frameworks/MetalPerformanceShaders.framework/Versions/A/Frameworks/MPSRayIntersector.framework/Versions/A/MPSRayIntersector
0x00007fff2a306000 	/System/Library/Frameworks/MetalPerformanceShaders.framework/Versions/A/Frameworks/MPSNDArray.framework/Versions/A/MPSNDArray
0x00007fff20c4e000 	/System/Library/PrivateFrameworks/MetalTools.framework/Versions/A/MetalTools
0x00007fff2916f000 	/System/Library/PrivateFrameworks/AggregateDictionary.framework/Versions/A/AggregateDictionary
0x00007fff265d4000 	/System/Library/PrivateFrameworks/CoreAnalytics.framework/Versions/A/CoreAnalytics
0x00007fff2a8f2000 	/System/Library/PrivateFrameworks/AppleSauce.framework/Versions/A/AppleSauce
0x00007fff28471000 	/System/Library/PrivateFrameworks/IOAccelerator.framework/Versions/A/IOAccelerator
0x00007fff6bb10000 	/System/Library/Frameworks/OpenGL.framework/Versions/A/Libraries/libCoreFSCache.dylib
0x00007fff21687000 	/System/Library/PrivateFrameworks/LanguageModeling.framework/Versions/A/LanguageModeling
0x00007fff29a9f000 	/System/Library/PrivateFrameworks/CoreEmoji.framework/Versions/A/CoreEmoji
0x00007fff2921c000 	/System/Library/PrivateFrameworks/LinguisticData.framework/Versions/A/LinguisticData
0x00007fff20f7f000 	/System/Library/PrivateFrameworks/Lexicon.framework/Versions/A/Lexicon
0x00007fff2a804000 	/usr/lib/libcmph.dylib
0x00007fff272c6000 	/System/Library/Frameworks/OpenDirectory.framework/Versions/A/Frameworks/CFOpenDirectory.framework/Versions/A/CFOpenDirectory
0x00007fff272b6000 	/System/Library/Frameworks/OpenDirectory.framework/Versions/A/OpenDirectory
0x00007fff2ad7a000 	/System/Library/PrivateFrameworks/APFS.framework/Versions/A/APFS
0x00007fff29dc5000 	/System/Library/Frameworks/SecurityFoundation.framework/Versions/A/SecurityFoundation
0x00007fff2ae84000 	/usr/lib/libutil.dylib
0x00007fff22c79000 	/System/Library/PrivateFrameworks/CoreServicesStore.framework/Versions/A/CoreServicesStore
0x00007fff29e5b000 	/System/Library/Frameworks/ServiceManagement.framework/Versions/A/ServiceManagement
0x00007fff2ae88000 	/usr/lib/libxslt.1.dylib
0x00007fff29e51000 	/System/Library/PrivateFrameworks/BackgroundTaskManagement.framework/Versions/A/BackgroundTaskManagement
0x00007fff2be41000 	/System/Library/Frameworks/ImageIO.framework/Versions/A/Resources/libRadiance.dylib
0x00007fff2be4b000 	/System/Library/Frameworks/ImageIO.framework/Versions/A/Resources/libJPEG.dylib
0x00007fff2bd95000 	/System/Library/Frameworks/ImageIO.framework/Versions/A/Resources/libPng.dylib
0x00007fff2bdbc000 	/System/Library/Frameworks/ImageIO.framework/Versions/A/Resources/libTIFF.dylib
0x00007fff2bea0000 	/System/Library/Frameworks/ImageIO.framework/Versions/A/Resources/libGIF.dylib
0x00007fff2bae7000 	/System/Library/Frameworks/ImageIO.framework/Versions/A/Resources/libJP2.dylib
0x00007fff2b203000 	/usr/lib/libexpat.1.dylib
0x00007fff2ba9d000 	/System/Library/PrivateFrameworks/AppleJPEG.framework/Versions/A/AppleJPEG
0x00007fff286a7000 	/System/Library/PrivateFrameworks/FontServices.framework/libFontParser.dylib
0x00007fff2637b000 	/System/Library/PrivateFrameworks/RunningBoardServices.framework/Versions/A/RunningBoardServices
0x00007fff2bbc7000 	/System/Library/PrivateFrameworks/WatchdogClient.framework/Versions/A/WatchdogClient
0x00007fff21770000 	/System/Library/Frameworks/CoreDisplay.framework/Versions/A/CoreDisplay
0x00007fff285bc000 	/System/Library/Frameworks/CoreMedia.framework/Versions/A/CoreMedia
0x00007fff27446000 	/System/Library/Frameworks/CoreVideo.framework/Versions/A/CoreVideo
0x00007fff2bc02000 	/System/Library/Frameworks/VideoToolbox.framework/Versions/A/VideoToolbox
0x00007fff262fb000 	/System/Library/PrivateFrameworks/BaseBoard.framework/Versions/A/BaseBoard
0x00007fff2b347000 	/System/Library/PrivateFrameworks/PersistentConnection.framework/Versions/A/PersistentConnection
0x00007fff2609c000 	/System/Library/PrivateFrameworks/ProtocolBuffer.framework/Versions/A/ProtocolBuffer
0x00007fff262e3000 	/System/Library/PrivateFrameworks/CommonUtilities.framework/Versions/A/CommonUtilities
0x00007fff2ba60000 	/System/Library/PrivateFrameworks/Bom.framework/Versions/A/Bom
0x00007fff2be39000 	/System/Library/PrivateFrameworks/GPUWrangler.framework/Versions/A/GPUWrangler
0x00007fff2be1c000 	/System/Library/PrivateFrameworks/IOPresentment.framework/Versions/A/IOPresentment
0x00007fff2be45000 	/System/Library/PrivateFrameworks/DSExternalDisplay.framework/Versions/A/DSExternalDisplay
0x00007fff2bea5000 	/System/Library/PrivateFrameworks/CMCaptureCore.framework/Versions/A/CMCaptureCore
0x00007fff2b7e3000 	/System/Library/PrivateFrameworks/AppServerSupport.framework/Versions/A/AppServerSupport
0x00007fff2d87e000 	/System/Library/PrivateFrameworks/perfdata.framework/Versions/A/perfdata
0x00007fff29db4000 	/System/Library/PrivateFrameworks/AssertionServices.framework/Versions/A/AssertionServices
0x00007fff218a7000 	/System/Library/PrivateFrameworks/AudioToolboxCore.framework/Versions/A/AudioToolboxCore
0x00007fff2859f000 	/System/Library/PrivateFrameworks/caulk.framework/Versions/A/caulk
0x00007fff3ccb6000 	/System/Library/PrivateFrameworks/SystemPolicy.framework/Versions/A/SystemPolicy
0x00007fff2b012000 	/usr/lib/libIOReport.dylib
0x00007fff2d0ba000 	/usr/lib/libSMC.dylib
0x00007fff2bd61000 	/usr/lib/libAudioToolboxUtility.dylib
0x00007fff3d610000 	/usr/lib/libmis.dylib
0x00007fff6bb6c000 	/System/Library/Frameworks/OpenGL.framework/Versions/A/Libraries/libGLU.dylib
0x00007fff6bb2f000 	/System/Library/Frameworks/OpenGL.framework/Versions/A/Libraries/libGFXShared.dylib
0x00007fff6bd3d000 	/System/Library/Frameworks/OpenGL.framework/Versions/A/Libraries/libGL.dylib
0x00007fff6bb38000 	/System/Library/Frameworks/OpenGL.framework/Versions/A/Libraries/libGLImage.dylib
0x00007fff6bb2c000 	/System/Library/Frameworks/OpenGL.framework/Versions/A/Libraries/libCVMSPluginSupport.dylib
0x00007fff6bb17000 	/System/Library/Frameworks/OpenGL.framework/Versions/A/Libraries/libCoreVMClient.dylib
0x00007fff6d187000 	/System/Library/Frameworks/OpenCL.framework/Versions/A/OpenCL
0x00007fff2b370000 	/System/Library/PrivateFrameworks/GraphVisualizer.framework/Versions/A/GraphVisualizer
0x00007fff2b37f000 	/System/Library/PrivateFrameworks/FaceCore.framework/Versions/A/FaceCore
0x00007fff2b79b000 	/System/Library/PrivateFrameworks/OTSVG.framework/Versions/A/OTSVG
0x00007fff2703b000 	/System/Library/Frameworks/ApplicationServices.framework/Versions/A/Frameworks/ATS.framework/Versions/A/Resources/libFontRegistry.dylib
0x00007fff2b7ea000 	/System/Library/PrivateFrameworks/FontServices.framework/libhvf.dylib
0x00007fff2b1af000 	/System/Library/PrivateFrameworks/AppleVA.framework/Versions/A/AppleVA
0x00007fff2cf02000 	/System/Library/Frameworks/ApplicationServices.framework/Versions/A/Frameworks/ATS.framework/Versions/A/ATS
0x00007fff2d215000 	/System/Library/Frameworks/ApplicationServices.framework/Versions/A/Frameworks/ColorSyncLegacy.framework/Versions/A/ColorSyncLegacy
0x00007fff2587a000 	/System/Library/Frameworks/ApplicationServices.framework/Versions/A/Frameworks/HIServices.framework/Versions/A/HIServices
0x00007fff2d1fa000 	/System/Library/Frameworks/ApplicationServices.framework/Versions/A/Frameworks/LangAnalysis.framework/Versions/A/LangAnalysis
0x00007fff2beaf000 	/System/Library/Frameworks/ApplicationServices.framework/Versions/A/Frameworks/PrintCore.framework/Versions/A/PrintCore
0x00007fff2d21d000 	/System/Library/Frameworks/ApplicationServices.framework/Versions/A/Frameworks/QD.framework/Versions/A/QD
0x00007fff2cef2000 	/System/Library/Frameworks/ApplicationServices.framework/Versions/A/Frameworks/SpeechSynthesis.framework/Versions/A/SpeechSynthesis
0x00007fff2be70000 	/System/Library/Frameworks/ApplicationServices.framework/Versions/A/Frameworks/ATSUI.framework/Versions/A/ATSUI
0x00007fff2d19a000 	/usr/lib/libcups.2.dylib
0x00007fff2d20a000 	/System/Library/PrivateFrameworks/NetAuth.framework/Versions/A/NetAuth
0x00007fff2d899000 	/System/Library/Frameworks/Kerberos.framework/Versions/A/Kerberos
0x00007fff2d8a9000 	/System/Library/Frameworks/GSS.framework/Versions/A/GSS
0x00007fff2cf6f000 	/usr/lib/libresolv.9.dylib
0x00007fff2b800000 	/System/Library/PrivateFrameworks/Heimdal.framework/Versions/A/Heimdal
0x00007fff3353c000 	/System/Library/Frameworks/Kerberos.framework/Versions/A/Libraries/libHeimdalProxy.dylib
0x00007fff26448000 	/System/Library/Frameworks/Network.framework/Versions/A/Network
0x00007fff2b21c000 	/usr/lib/libheimdal-asn1.dylib
0x00007fff2d8fa000 	/System/Library/PrivateFrameworks/CommonAuth.framework/Versions/A/CommonAuth
0x00007fff27494000 	/System/Library/PrivateFrameworks/login.framework/Versions/A/Frameworks/loginsupport.framework/Versions/A/loginsupport
0x00007fff2ce79000 	/System/Library/PrivateFrameworks/AudioSession.framework/Versions/A/AudioSession
0x00007fff2cedf000 	/usr/lib/libAudioStatistics.dylib
0x00007fff2b2a8000 	/System/Library/PrivateFrameworks/MediaExperience.framework/Versions/A/MediaExperience
0x00007fff2cd12000 	/System/Library/PrivateFrameworks/AudioSession.framework/libSessionUtility.dylib
0x00007fff2d88a000 	/usr/lib/libperfcheck.dylib
0x00007fff2d229000 	/System/Library/PrivateFrameworks/AudioResourceArbitration.framework/Versions/A/AudioResourceArbitration
0x00007fff2b226000 	/System/Library/PrivateFrameworks/IconFoundation.framework/Versions/A/IconFoundation
0x00007fff2fd25000 	/System/Library/PrivateFrameworks/SpeechRecognitionCore.framework/Versions/A/SpeechRecognitionCore
0x0000000109fe0000 	/Library/Java/JavaVirtualMachines/jdk1.8.0_281.jdk/Contents/Home/jre/lib/server/libjvm.dylib
0x000000010ade3000 	/Library/Java/JavaVirtualMachines/jdk1.8.0_281.jdk/Contents/Home/jre/lib/libverify.dylib
0x000000010adf4000 	/Library/Java/JavaVirtualMachines/jdk1.8.0_281.jdk/Contents/Home/jre/lib/libjava.dylib
0x000000010ae28000 	/Library/Java/JavaVirtualMachines/jdk1.8.0_281.jdk/Contents/Home/jre/lib/libjdwp.dylib
0x000000010ae72000 	/Library/Java/JavaVirtualMachines/jdk1.8.0_281.jdk/Contents/Home/jre/lib/libnpt.dylib
0x000000010aec4000 	/Library/Java/JavaVirtualMachines/jdk1.8.0_281.jdk/Contents/Home/jre/lib/libzip.dylib
0x000000010dfd7000 	/Library/Java/JavaVirtualMachines/jdk1.8.0_281.jdk/Contents/Home/jre/lib/libdt_socket.dylib
0x000000010dffc000 	/Library/Java/JavaVirtualMachines/jdk1.8.0_281.jdk/Contents/Home/jre/lib/libnio.dylib
0x000000010e00e000 	/Library/Java/JavaVirtualMachines/jdk1.8.0_281.jdk/Contents/Home/jre/lib/libnet.dylib
0x000000010e7ae000 	/Library/Java/JavaVirtualMachines/jdk1.8.0_281.jdk/Contents/Home/jre/lib/libmanagement.dylib
0x000000010e7c3000 	/Library/Java/JavaVirtualMachines/jdk1.8.0_281.jdk/Contents/Home/jre/lib/libsunec.dylib
0x000000013afb9000 	/Library/Java/JavaVirtualMachines/jdk1.8.0_281.jdk/Contents/Home/jre/lib/libawt.dylib
0x000000013b059000 	/Library/Java/JavaVirtualMachines/jdk1.8.0_281.jdk/Contents/Home/jre/lib/libmlib_image.dylib
0x00007fff6eabc000 	/System/Library/Frameworks/JavaNativeFoundation.framework/Versions/A/JavaNativeFoundation
0x00007fff6eac8000 	/System/Library/Frameworks/JavaRuntimeSupport.framework/Versions/A/JavaRuntimeSupport
0x00007fff3ca00000 	/System/Library/Frameworks/Carbon.framework/Versions/A/Carbon
0x00007fff31b96000 	/System/Library/PrivateFrameworks/CoreSymbolication.framework/Versions/A/CoreSymbolication
0x00007fff364b7000 	/System/Library/Frameworks/Carbon.framework/Versions/A/Frameworks/CommonPanels.framework/Versions/A/CommonPanels
0x00007fff32fd1000 	/System/Library/Frameworks/Carbon.framework/Versions/A/Frameworks/Help.framework/Versions/A/Help
0x00007fff364bb000 	/System/Library/Frameworks/Carbon.framework/Versions/A/Frameworks/ImageCapture.framework/Versions/A/ImageCapture
0x00007fff3648b000 	/System/Library/Frameworks/Carbon.framework/Versions/A/Frameworks/OpenScripting.framework/Versions/A/OpenScripting
0x00007fff364b3000 	/System/Library/Frameworks/Carbon.framework/Versions/A/Frameworks/Ink.framework/Versions/A/Ink
0x00007fff3c9fc000 	/System/Library/Frameworks/Carbon.framework/Versions/A/Frameworks/Print.framework/Versions/A/Print
0x00007fff364af000 	/System/Library/Frameworks/Carbon.framework/Versions/A/Frameworks/SecurityHI.framework/Versions/A/SecurityHI
0x00007fff31b5a000 	/System/Library/PrivateFrameworks/DebugSymbols.framework/Versions/A/DebugSymbols
0x000000013b118000 	/Library/Java/JavaVirtualMachines/jdk1.8.0_281.jdk/Contents/Home/jre/lib/libawt_lwawt.dylib
0x000000013b1c7000 	/Library/Java/JavaVirtualMachines/jdk1.8.0_281.jdk/Contents/Home/jre/lib/libosxapp.dylib
0x00007fff3c01b000 	/System/Library/Frameworks/ExceptionHandling.framework/Versions/A/ExceptionHandling
0x000000013c5e7000 	/private/var/folders/jk/ps458pk94fz2knphsq6vdll40000gn/T/sqlite-3.34.0-c9cb55dd-69b6-4228-8d4f-ffc7f1862c1e-libsqlitejdbc.jnilib
0x000000013f2f1000 	/private/var/folders/jk/ps458pk94fz2knphsq6vdll40000gn/T/sqlite-3.34.0-e9900670-2ec8-4cfe-ac9d-05c820d7560a-libsqlitejdbc.jnilib
0x00000001403f9000 	/private/var/folders/jk/ps458pk94fz2knphsq6vdll40000gn/T/sqlite-3.34.0-fb588c71-8a36-488f-b2cd-2fdbce09b510-libsqlitejdbc.jnilib
0x0000000141701000 	/private/var/folders/jk/ps458pk94fz2knphsq6vdll40000gn/T/sqlite-3.34.0-2adcb5b0-563c-4e83-8a97-c0859a9b4e05-libsqlitejdbc.jnilib
0x0000000142609000 	/private/var/folders/jk/ps458pk94fz2knphsq6vdll40000gn/T/sqlite-3.34.0-d4496d5b-b0bd-404a-9908-b89b8194c670-libsqlitejdbc.jnilib
0x0000000143f11000 	/Library/Java/JavaVirtualMachines/jdk1.8.0_281.jdk/Contents/Home/jre/lib/libfontmanager.dylib
0x00007fff22c3a000 	/System/Library/PrivateFrameworks/CoreServicesInternal.framework/Versions/A/CoreServicesInternal
0x0000000143ffd000 	/usr/lib/libobjc-trampolines.dylib
0x00007fff5cf1f000 	/System/Library/CoreServices/Encodings/libTraditionalChineseConverter.dylib
0x00007fff5cf32000 	/System/Library/CoreServices/Encodings/libKoreanConverter.dylib
0x00007fff58020000 	/System/Library/CoreServices/Encodings/libJapaneseConverter.dylib
0x00007fff5cf56000 	/System/Library/CoreServices/Encodings/libSimplifiedChineseConverter.dylib
0x00000001b5361000 	/private/var/folders/jk/ps458pk94fz2knphsq6vdll40000gn/T/sqlite-3.34.0-62dae531-b804-44bc-a998-08e76891147e-libsqlitejdbc.jnilib

VM Arguments:
jvm_args: -Xdebug -Xrunjdwp:transport=dt_socket,server=n,address=52679 -Dgav=com.github.adminfaces:Ceminace:1.0 
java_command: /Users/calviniloki/.m2/repository/fish/payara/extras/payara-micro/5.201/payara-micro-5.201.jar --autoBindHttp --deploy /Users/calviniloki/NetBeansProjects/Cem/target/ceminace
java_class_path (initial): /Users/calviniloki/.m2/repository/fish/payara/extras/payara-micro/5.201/payara-micro-5.201.jar
Launcher Type: SUN_STANDARD

Environment Variables:
JAVA_HOME=/Library/Java/JavaVirtualMachines/jdk1.8.0_281.jdk/Contents/Home
PATH=/usr/bin:/bin:/usr/sbin:/sbin
SHELL=/bin/bash
DISPLAY=/private/tmp/com.apple.launchd.18t59rBI3C/org.xquartz:0

Signal Handlers:
SIGSEGV: [libjvm.dylib+0x5a1f9b], sa_mask[0]=11111111011111110111111111111111, sa_flags=SA_ONSTACK|SA_RESTART|SA_SIGINFO
SIGBUS: [libjvm.dylib+0x5a1f9b], sa_mask[0]=11111111011111110111111111111111, sa_flags=SA_RESTART|SA_SIGINFO
SIGFPE: [libjvm.dylib+0x492701], sa_mask[0]=11111111011111110111111111111111, sa_flags=SA_RESTART|SA_SIGINFO
SIGPIPE: [libjvm.dylib+0x492701], sa_mask[0]=11111111011111110111111111111111, sa_flags=SA_RESTART|SA_SIGINFO
SIGXFSZ: [libjvm.dylib+0x492701], sa_mask[0]=11111111011111110111111111111111, sa_flags=SA_RESTART|SA_SIGINFO
SIGILL: [libjvm.dylib+0x492701], sa_mask[0]=11111111011111110111111111111111, sa_flags=SA_RESTART|SA_SIGINFO
SIGUSR1: SIG_DFL, sa_mask[0]=00000000000000000000000000000000, sa_flags=none
SIGUSR2: [libjvm.dylib+0x492ffa], sa_mask[0]=00100000000000000000000000000000, sa_flags=SA_RESTART|SA_SIGINFO
SIGHUP: [libjvm.dylib+0x491209], sa_mask[0]=11111111011111110111111111111111, sa_flags=SA_RESTART|SA_SIGINFO
SIGINT: SIG_IGN, sa_mask[0]=00000000000000000000000000000000, sa_flags=none
SIGTERM: [libjvm.dylib+0x491209], sa_mask[0]=11111111011111110111111111111111, sa_flags=SA_RESTART|SA_SIGINFO
SIGQUIT: [libjvm.dylib+0x491209], sa_mask[0]=11111111011111110111111111111111, sa_flags=SA_RESTART|SA_SIGINFO


---------------  S Y S T E M  ---------------

OS:Bsduname:Darwin 20.5.0 Darwin Kernel Version 20.5.0: Sat May  8 05:10:33 PDT 2021; root:xnu-7195.121.3~9/RELEASE_X86_64 x86_64
rlimit: STACK 8192k, CORE 0k, NPROC 5568, NOFILE 10240, AS infinity
load average:2.87 3.01 3.08

CPU:total 16 (initial active 16) (8 cores per cpu, 2 threads per core) family 6 model 158 stepping 13, cmov, cx8, fxsr, mmx, sse, sse2, sse3, ssse3, sse4.1, sse4.2, popcnt, avx, avx2, aes, clmul, erms, 3dnowpref, lzcnt, ht, tsc, tscinvbit, bmi1, bmi2, adx

Memory: 4k page, physical 33554432k(37104k free)

/proc/meminfo:


vm_info: Java HotSpot(TM) 64-Bit Server VM (25.281-b09) for bsd-amd64 JRE (1.8.0_281-b09), built on Dec  9 2020 12:44:49 by "java_re" with gcc 4.2.1 Compatible Apple LLVM 10.0.0 (clang-1000.11.45.5)

time: Sun Jun 13 18:40:52 2021
timezone: WAT
elapsed time: 1038.685282 seconds (0d 0h 17m 18s)

